"../../../Engine/Content/Functions/Engine_MaterialFunctions01/Shading/PowerToRoughness.uasset" 0
"../../../Engine/Content/Functions/Engine_MaterialFunctions01/Shading/PowerToRoughness.uexp" 1
"../../../Engine/Content/Functions/Engine_MaterialFunctions01/Shading/ConvertFromDiffSpec.uasset" 2
"../../../Engine/Content/Functions/Engine_MaterialFunctions01/Shading/ConvertFromDiffSpec.uexp" 3
"../../../Engine/Content/EngineSounds/Master.uasset" 4
"../../../Engine/Content/EngineSounds/Master.uexp" 5
"../../../Engine/Content/EngineSky/VolumetricClouds/CloudWeatherTexture.uasset" 6
"../../../Engine/Content/EngineSky/VolumetricClouds/CloudWeatherTexture.uexp" 7
"../../../Engine/Content/Functions/Engine_MaterialFunctions02/Utility/MakeFloat2.uasset" 8
"../../../Engine/Content/Functions/Engine_MaterialFunctions02/Utility/MakeFloat2.uexp" 9
"../../../Engine/Content/EngineSky/VolumetricClouds/CloudGradientTexture.uasset" 10
"../../../Engine/Content/EngineSky/VolumetricClouds/CloudGradientTexture.uexp" 11
"../../../Engine/Content/EngineSky/VolumetricClouds/T_NoiseShape64.ubulk" 12
"../../../Engine/Content/EngineSky/VolumetricClouds/T_NoiseShape64.uasset" 13
"../../../Engine/Content/EngineSky/VolumetricClouds/T_NoiseShape64.uexp" 14
"../../../Engine/Content/EngineSky/VolumetricClouds/T_VolumeNoiseShape64.uasset" 15
"../../../Engine/Content/EngineSky/VolumetricClouds/T_VolumeNoiseShape64.uexp" 16
"../../../Engine/Content/EngineSky/VolumetricClouds/T_NoiseErosion.ubulk" 17
"../../../Engine/Content/EngineSky/VolumetricClouds/T_NoiseErosion.uasset" 18
"../../../Engine/Content/EngineSky/VolumetricClouds/T_NoiseErosion.uexp" 19
"../../../Engine/Content/EngineSky/VolumetricClouds/T_VolumeNoiseErosion32.uasset" 20
"../../../Engine/Content/EngineSky/VolumetricClouds/T_VolumeNoiseErosion32.uexp" 21
"../../../Engine/Content/EngineSky/VolumetricClouds/m_SimpleVolumetricCloud.uasset" 22
"../../../Engine/Content/EngineSky/VolumetricClouds/m_SimpleVolumetricCloud.uexp" 23
"../../../Engine/Content/EngineSky/VolumetricClouds/m_SimpleVolumetricCloud_Inst.uasset" 24
"../../../Engine/Content/EngineSky/VolumetricClouds/m_SimpleVolumetricCloud_Inst.uexp" 25
"../../../Engine/Content/EngineResources/GradientTexture0.uasset" 26
"../../../Engine/Content/EngineResources/GradientTexture0.uexp" 27
"../../../Engine/Content/EngineResources/DefaultVolumeTexture2D.uasset" 28
"../../../Engine/Content/EngineResources/DefaultVolumeTexture2D.uexp" 29
"../../../Engine/Content/EngineResources/DefaultVolumeTexture.uasset" 30
"../../../Engine/Content/EngineResources/DefaultVolumeTexture.uexp" 31
"../../../Engine/Content/EngineResources/DefaultTextureCube.uasset" 32
"../../../Engine/Content/EngineResources/DefaultTextureCube.uexp" 33
"../../../Engine/Content/EngineResources/DefaultTexture.ubulk" 34
"../../../Engine/Content/EngineResources/DefaultTexture.uasset" 35
"../../../Engine/Content/EngineResources/DefaultTexture.uexp" 36
"../../../Engine/Content/EngineResources/FilmGrains/Marcie_Grain_v3_128_M2_000.uasset" 37
"../../../Engine/Content/EngineResources/FilmGrains/Marcie_Grain_v3_128_M2_000.uexp" 38
"../../../Engine/Content/EngineMeshes/Sphere.uasset" 39
"../../../Engine/Content/EngineMeshes/Sphere.uexp" 40
"../../../Engine/Content/EngineResources/WhiteSquareTexture.uasset" 41
"../../../Engine/Content/EngineResources/WhiteSquareTexture.uexp" 42
"../../../Engine/Content/EngineMaterials/Widget3DPassThrough.uasset" 43
"../../../Engine/Content/EngineMaterials/Widget3DPassThrough.uexp" 44
"../../../Engine/Content/EngineMaterials/Widget3DPassThrough_Translucent.uasset" 45
"../../../Engine/Content/EngineMaterials/Widget3DPassThrough_Translucent.uexp" 46
"../../../Engine/Content/EngineMaterials/Widget3DPassThrough_Translucent_OneSided.uasset" 47
"../../../Engine/Content/EngineMaterials/Widget3DPassThrough_Translucent_OneSided.uexp" 48
"../../../Engine/Content/EngineMaterials/Widget3DPassThrough_Opaque.uasset" 49
"../../../Engine/Content/EngineMaterials/Widget3DPassThrough_Opaque.uexp" 50
"../../../Engine/Content/EngineMaterials/Widget3DPassThrough_Opaque_OneSided.uasset" 51
"../../../Engine/Content/EngineMaterials/Widget3DPassThrough_Opaque_OneSided.uexp" 52
"../../../Engine/Content/EngineMaterials/Widget3DPassThrough_Masked_OneSided.uasset" 53
"../../../Engine/Content/EngineMaterials/Widget3DPassThrough_Masked_OneSided.uexp" 54
"../../../Engine/Content/EngineMaterials/Widget3DPassThrough_Masked.uasset" 55
"../../../Engine/Content/EngineMaterials/Widget3DPassThrough_Masked.uexp" 56
"../../../Engine/Content/EngineMaterials/WeightMapPlaceholderTexture.uasset" 57
"../../../Engine/Content/EngineMaterials/WeightMapPlaceholderTexture.uexp" 58
"../../../Engine/Content/EngineMaterials/RemoveSurfaceMaterial.uasset" 59
"../../../Engine/Content/EngineMaterials/RemoveSurfaceMaterial.uexp" 60
"../../../Engine/Content/EngineMaterials/PreintegratedSkinBRDF.uasset" 61
"../../../Engine/Content/EngineMaterials/PreintegratedSkinBRDF.uexp" 62
"../../../Engine/Content/EngineMaterials/DefaultCalibrationGrayscale.uasset" 63
"../../../Engine/Content/EngineMaterials/DefaultCalibrationGrayscale.uexp" 64
"../../../Engine/Content/EngineMaterials/PPM_DefaultCalibrationGrayscale.uasset" 65
"../../../Engine/Content/EngineMaterials/PPM_DefaultCalibrationGrayscale.uexp" 66
"../../../Engine/Content/EngineMaterials/DefaultCalibrationColor.uasset" 67
"../../../Engine/Content/EngineMaterials/DefaultCalibrationColor.uexp" 68
"../../../Engine/Content/EngineMaterials/PPM_DefaultCalibrationColor.uasset" 69
"../../../Engine/Content/EngineMaterials/PPM_DefaultCalibrationColor.uexp" 70
"../../../Engine/Content/Functions/Engine_MaterialFunctions02/WorldPositionOffset/CameraOffset.uasset" 71
"../../../Engine/Content/Functions/Engine_MaterialFunctions02/WorldPositionOffset/CameraOffset.uexp" 72
"../../../Engine/Content/EngineMaterials/PhAT_JointLimitMaterial.uasset" 73
"../../../Engine/Content/EngineMaterials/PhAT_JointLimitMaterial.uexp" 74
"../../../Engine/Content/EngineMaterials/InvalidLightmapSettings.ubulk" 75
"../../../Engine/Content/EngineMaterials/InvalidLightmapSettings.uasset" 76
"../../../Engine/Content/EngineMaterials/InvalidLightmapSettings.uexp" 77
"../../../Engine/Content/EngineMaterials/M_InvalidLightmapSettings.uasset" 78
"../../../Engine/Content/EngineMaterials/M_InvalidLightmapSettings.uexp" 79
"../../../Engine/Content/EngineMaterials/MiniFont.uasset" 80
"../../../Engine/Content/EngineMaterials/MiniFont.uexp" 81
"../../../Engine/Content/EngineMaterials/Good64x64TilingNoiseHighFreq.uasset" 82
"../../../Engine/Content/EngineMaterials/Good64x64TilingNoiseHighFreq.uexp" 83
"../../../Engine/Content/EngineMaterials/GizmoMaterial.uasset" 84
"../../../Engine/Content/EngineMaterials/GizmoMaterial.uexp" 85
"../../../Engine/Content/EngineMaterials/BaseFlattenEmissiveMap_VT.uasset" 86
"../../../Engine/Content/EngineMaterials/BaseFlattenEmissiveMap_VT.uexp" 87
"../../../Engine/Content/EngineMaterials/BaseFlattenGrayscaleMap_VT.uasset" 88
"../../../Engine/Content/EngineMaterials/BaseFlattenGrayscaleMap_VT.uexp" 89
"../../../Engine/Content/EngineMaterials/BaseFlattenLinearColor_VT.uasset" 90
"../../../Engine/Content/EngineMaterials/BaseFlattenLinearColor_VT.uexp" 91
"../../../Engine/Content/EngineMaterials/Black_1x1_EXR_Texture_VT.uasset" 92
"../../../Engine/Content/EngineMaterials/Black_1x1_EXR_Texture_VT.uexp" 93
"../../../Engine/Content/EngineMaterials/BaseFlattenDiffuseMap_VT.uasset" 94
"../../../Engine/Content/EngineMaterials/BaseFlattenDiffuseMap_VT.uexp" 95
"../../../Engine/Content/EngineMaterials/BaseFlattenNormalMap_VT.uasset" 96
"../../../Engine/Content/EngineMaterials/BaseFlattenNormalMap_VT.uexp" 97
"../../../Engine/Content/EngineMaterials/FlattenMaterial_WS_Normal_VT.uasset" 98
"../../../Engine/Content/EngineMaterials/FlattenMaterial_WS_Normal_VT.uexp" 99
"../../../Engine/Content/EngineMaterials/FlattenMaterial_VT.uasset" 100
"../../../Engine/Content/EngineMaterials/FlattenMaterial_VT.uexp" 101
"../../../Engine/Content/EngineMaterials/BaseFlattenNormalMap.uasset" 102
"../../../Engine/Content/EngineMaterials/BaseFlattenNormalMap.uexp" 103
"../../../Engine/Content/EngineMaterials/BaseFlattenGrayscaleMap.uasset" 104
"../../../Engine/Content/EngineMaterials/BaseFlattenGrayscaleMap.uexp" 105
"../../../Engine/Content/EngineMaterials/BaseFlattenDiffuseMap.uasset" 106
"../../../Engine/Content/EngineMaterials/BaseFlattenDiffuseMap.uexp" 107
"../../../Engine/Content/Functions/Engine_MaterialFunctions02/PivotPainter2/Black_1x1_EXR_Texture.uasset" 108
"../../../Engine/Content/Functions/Engine_MaterialFunctions02/PivotPainter2/Black_1x1_EXR_Texture.uexp" 109
"../../../Engine/Content/EngineMaterials/BaseFlattenEmissiveMap.uasset" 110
"../../../Engine/Content/EngineMaterials/BaseFlattenEmissiveMap.uexp" 111
"../../../Engine/Content/EngineMaterials/BaseFlattenLinearColor.uasset" 112
"../../../Engine/Content/EngineMaterials/BaseFlattenLinearColor.uexp" 113
"../../../Engine/Content/EngineMaterials/FlattenMaterial.uasset" 114
"../../../Engine/Content/EngineMaterials/FlattenMaterial.uexp" 115
"../../../Engine/Content/EngineMaterials/DefaultWhiteGrid_Low.uasset" 116
"../../../Engine/Content/EngineMaterials/DefaultWhiteGrid_Low.uexp" 117
"../../../Engine/Content/EngineMaterials/EmissiveMeshMaterial.uasset" 118
"../../../Engine/Content/EngineMaterials/EmissiveMeshMaterial.uexp" 119
"../../../Engine/Content/EngineMaterials/DefaultWhiteGrid.ubulk" 120
"../../../Engine/Content/EngineMaterials/DefaultWhiteGrid.uasset" 121
"../../../Engine/Content/EngineMaterials/DefaultWhiteGrid.uexp" 122
"../../../Engine/Content/EngineFonts/RobotoDistanceField.uasset" 123
"../../../Engine/Content/EngineFonts/RobotoDistanceField.uexp" 124
"../../../Engine/Content/EngineMaterials/DefaultTextMaterialOpaque.uasset" 125
"../../../Engine/Content/EngineMaterials/DefaultTextMaterialOpaque.uexp" 126
"../../../Engine/Content/EngineMaterials/DefaultDiffuse.ubulk" 127
"../../../Engine/Content/EngineMaterials/DefaultDiffuse.uasset" 128
"../../../Engine/Content/EngineMaterials/DefaultDiffuse.uexp" 129
"../../../Engine/Content/Functions/Engine_MaterialFunctions02/Utility/BreakOutFloat2Components.uasset" 130
"../../../Engine/Content/Functions/Engine_MaterialFunctions02/Utility/BreakOutFloat2Components.uexp" 131
"../../../Engine/Content/EngineMaterials/DefaultPostProcessMaterial.uasset" 132
"../../../Engine/Content/EngineMaterials/DefaultPostProcessMaterial.uexp" 133
"../../../Engine/Content/EngineMaterials/DefaultPhysicalMaterial.uasset" 134
"../../../Engine/Content/EngineMaterials/DefaultPhysicalMaterial.uexp" 135
"../../../Engine/Content/EngineMaterials/DefaultLightFunctionMaterial.uasset" 136
"../../../Engine/Content/EngineMaterials/DefaultLightFunctionMaterial.uexp" 137
"../../../Engine/Content/EngineMaterials/DefaultDestructiblePhysicalMaterial.uasset" 138
"../../../Engine/Content/EngineMaterials/DefaultDestructiblePhysicalMaterial.uexp" 139
"../../../Engine/Content/EngineMaterials/DefaultDeferredDecalMaterial.uasset" 140
"../../../Engine/Content/EngineMaterials/DefaultDeferredDecalMaterial.uexp" 141
"../../../Engine/Content/EngineMaterials/DefaultBokeh.uasset" 142
"../../../Engine/Content/EngineMaterials/DefaultBokeh.uexp" 143
"../../../Engine/Content/EngineMaterials/DefaultBloomKernel.uasset" 144
"../../../Engine/Content/EngineMaterials/DefaultBloomKernel.uexp" 145
"../../../Engine/Content/EngineMaterials/BlueNoise.uasset" 146
"../../../Engine/Content/EngineMaterials/BlueNoise.uexp" 147
"../../../Engine/Content/EngineFonts/Faces/RobotoLight.uexp" 148
"../../../Engine/Content/EngineFonts/Faces/RobotoLight.uasset" 149
"../../../Engine/Content/EngineFonts/Faces/RobotoLight.ufont" 150
"../../../Engine/Content/EngineFonts/Faces/RobotoBold.uexp" 151
"../../../Engine/Content/EngineFonts/Faces/RobotoBold.uasset" 152
"../../../Engine/Content/EngineFonts/Faces/RobotoBold.ufont" 153
"../../../Engine/Content/EngineFonts/Faces/RobotoRegular.uexp" 154
"../../../Engine/Content/EngineFonts/Faces/RobotoRegular.uasset" 155
"../../../Engine/Content/EngineFonts/Faces/RobotoRegular.ufont" 156
"../../../Engine/Content/EngineFonts/Faces/DroidSansFallback.uexp" 157
"../../../Engine/Content/EngineFonts/Faces/DroidSansFallback.uasset" 158
"../../../Engine/Content/EngineFonts/Faces/DroidSansFallback.ufont" 159
"../../../Engine/Content/EngineFonts/Faces/RobotoItalic.uexp" 160
"../../../Engine/Content/EngineFonts/Faces/RobotoItalic.uasset" 161
"../../../Engine/Content/EngineFonts/Faces/RobotoItalic.ufont" 162
"../../../Engine/Content/EngineFonts/Faces/RobotoBoldItalic.uexp" 163
"../../../Engine/Content/EngineFonts/Faces/RobotoBoldItalic.uasset" 164
"../../../Engine/Content/EngineFonts/Faces/RobotoBoldItalic.ufont" 165
"../../../Engine/Content/EngineFonts/Roboto.uasset" 166
"../../../Engine/Content/EngineFonts/Roboto.uexp" 167
"../../../Engine/Content/Functions/Engine_MaterialFunctions02/Utility/CameraDirectionVector.uasset" 168
"../../../Engine/Content/Functions/Engine_MaterialFunctions02/Utility/CameraDirectionVector.uexp" 169
"../../../Engine/Content/EngineDebugMaterials/VolumeToRender.uasset" 170
"../../../Engine/Content/EngineDebugMaterials/VolumeToRender.uexp" 171
"../../../Engine/Content/EngineDebugMaterials/M_VolumeRenderSphereTracePP.uasset" 172
"../../../Engine/Content/EngineDebugMaterials/M_VolumeRenderSphereTracePP.uexp" 173
"../../../Engine/Content/EngineDebugMaterials/M_SimpleUnlitTranslucent.uasset" 174
"../../../Engine/Content/EngineDebugMaterials/M_SimpleUnlitTranslucent.uexp" 175
"../../../Engine/Content/EngineDebugMaterials/DebugMeshMaterial.uasset" 176
"../../../Engine/Content/EngineDebugMaterials/DebugMeshMaterial.uexp" 177
"../../../Engine/Content/EngineDebugMaterials/DebugEditorMaterial.uasset" 178
"../../../Engine/Content/EngineDebugMaterials/DebugEditorMaterial.uexp" 179
"../../../Engine/Content/EngineDamageTypes/DmgTypeBP_Environmental.uasset" 180
"../../../Engine/Content/EngineDamageTypes/DmgTypeBP_Environmental.uexp" 181
"../../../Engine/Content/EditorResources/S_TriggerSphere.uasset" 182
"../../../Engine/Content/EditorResources/S_TriggerSphere.uexp" 183
"../../../Engine/Content/EditorResources/S_TriggerCapsule.uasset" 184
"../../../Engine/Content/EditorResources/S_TriggerCapsule.uexp" 185
"../../../Engine/Content/EditorResources/S_TriggerBox.uasset" 186
"../../../Engine/Content/EditorResources/S_TriggerBox.uexp" 187
"../../../Engine/Content/EditorResources/S_Trigger.ubulk" 188
"../../../Engine/Content/EditorResources/S_Trigger.uasset" 189
"../../../Engine/Content/EditorResources/S_Trigger.uexp" 190
"../../../Engine/Content/EditorResources/S_Terrain.ubulk" 191
"../../../Engine/Content/EditorResources/S_Terrain.uasset" 192
"../../../Engine/Content/EditorResources/S_Terrain.uexp" 193
"../../../Engine/Content/EditorResources/S_Solver.ubulk" 194
"../../../Engine/Content/EditorResources/S_Solver.uasset" 195
"../../../Engine/Content/EditorResources/S_Solver.uexp" 196
"../../../Engine/Content/EditorResources/S_BoxReflectionCapture.uasset" 197
"../../../Engine/Content/EditorResources/S_BoxReflectionCapture.uexp" 198
"../../../Engine/Content/EditorResources/S_Actor.ubulk" 199
"../../../Engine/Content/EditorResources/S_Actor.uasset" 200
"../../../Engine/Content/EditorResources/S_Actor.uexp" 201
"../../../Engine/Content/EditorResources/EmptyActor.uasset" 202
"../../../Engine/Content/EditorResources/EmptyActor.uexp" 203
"../../../Engine/Content/EditorResources/BSPVertex.uasset" 204
"../../../Engine/Content/EditorResources/BSPVertex.uexp" 205
"../../../Engine/Content/EditorResources/SequenceRecorder/RecordingIndicator.uasset" 206
"../../../Engine/Content/EditorResources/SequenceRecorder/RecordingIndicator.uexp" 207
"../../../Engine/Content/EditorResources/SequenceRecorder/Countdown.uasset" 208
"../../../Engine/Content/EditorResources/SequenceRecorder/Countdown.uexp" 209
"../../../Engine/Content/EditorResources/LightIcons/S_LightError.uasset" 210
"../../../Engine/Content/EditorResources/LightIcons/S_LightError.uexp" 211
"../../../Engine/Content/EditorResources/AudioIcons/S_AudioComponent_AutoActivate.uasset" 212
"../../../Engine/Content/EditorResources/AudioIcons/S_AudioComponent_AutoActivate.uexp" 213
"../../../Engine/Content/EditorMaterials/Camera/CineMat.uasset" 214
"../../../Engine/Content/EditorMaterials/Camera/CineMat.uexp" 215
"../../../Engine/Content/EditorMaterials/Camera/MI_CineMat_Rig.uasset" 216
"../../../Engine/Content/EditorMaterials/Camera/MI_CineMat_Rig.uexp" 217
"../../../Engine/Content/EditorMeshes/Camera/SM_RailRig_Track.uasset" 218
"../../../Engine/Content/EditorMeshes/Camera/SM_RailRig_Track.uexp" 219
"../../../Engine/Content/EditorMeshes/Camera/SM_RailRig_Mount.uasset" 220
"../../../Engine/Content/EditorMeshes/Camera/SM_RailRig_Mount.uexp" 221
"../../../Engine/Content/EditorMeshes/Camera/SM_CraneRig_Mount.uasset" 222
"../../../Engine/Content/EditorMeshes/Camera/SM_CraneRig_Mount.uexp" 223
"../../../Engine/Content/EditorMeshes/Camera/SM_CraneRig_Body.uasset" 224
"../../../Engine/Content/EditorMeshes/Camera/SM_CraneRig_Body.uexp" 225
"../../../Engine/Content/EditorMeshes/Camera/SM_CraneRig_Base.uasset" 226
"../../../Engine/Content/EditorMeshes/Camera/SM_CraneRig_Base.uexp" 227
"../../../Engine/Content/EditorMeshes/Camera/SM_CraneRig_Arm.uasset" 228
"../../../Engine/Content/EditorMeshes/Camera/SM_CraneRig_Arm.uexp" 229
"../../../Engine/Content/EditorMaterials/PreviewShadowIndicator.ubulk" 230
"../../../Engine/Content/EditorMaterials/PreviewShadowIndicator.uasset" 231
"../../../Engine/Content/EditorMaterials/PreviewShadowIndicator.uexp" 232
"../../../Engine/Content/EditorMaterials/PreviewShadowIndicatorMaterial.uasset" 233
"../../../Engine/Content/EditorMaterials/PreviewShadowIndicatorMaterial.uexp" 234
"../../../Engine/Content/EditorMaterials/MAT_Groups_Visibility.uasset" 235
"../../../Engine/Content/EditorMaterials/MAT_Groups_Visibility.uexp" 236
"../../../Engine/Content/EditorMaterials/MAT_Groups_Toggle.uasset" 237
"../../../Engine/Content/EditorMaterials/MAT_Groups_Toggle.uexp" 238
"../../../Engine/Content/Functions/Engine_MaterialFunctions02/Utility/MakeFloat4.uasset" 239
"../../../Engine/Content/Functions/Engine_MaterialFunctions02/Utility/MakeFloat4.uexp" 240
"../../../Engine/Content/Functions/Engine_MaterialFunctions02/Utility/MakeFloat3.uasset" 241
"../../../Engine/Content/Functions/Engine_MaterialFunctions02/Utility/MakeFloat3.uexp" 242
"../../../Engine/Content/Functions/Engine_MaterialFunctions02/Utility/BreakOutFloat3Components.uasset" 243
"../../../Engine/Content/Functions/Engine_MaterialFunctions02/Utility/BreakOutFloat3Components.uexp" 244
"../../../Engine/Content/EditorMaterials/WorldPartition/WorldPartitionSpatialHashGridPreviewMaterial.uasset" 245
"../../../Engine/Content/EditorMaterials/WorldPartition/WorldPartitionSpatialHashGridPreviewMaterial.uexp" 246
"../../../Engine/Content/EditorMaterials/ParticleSystems/PSysThumbnail_OOD.ubulk" 247
"../../../Engine/Content/EditorMaterials/ParticleSystems/PSysThumbnail_OOD.uasset" 248
"../../../Engine/Content/EditorMaterials/ParticleSystems/PSysThumbnail_OOD.uexp" 249
"../../../Engine/Content/EditorMaterials/ParticleSystems/PSysThumbnail_NoImage.ubulk" 250
"../../../Engine/Content/EditorMaterials/ParticleSystems/PSysThumbnail_NoImage.uasset" 251
"../../../Engine/Content/EditorMaterials/ParticleSystems/PSysThumbnail_NoImage.uexp" 252
"../../../Engine/Content/EditorMaterials/MatineeGroups/MAT_Groups_Vector.uasset" 253
"../../../Engine/Content/EditorMaterials/MatineeGroups/MAT_Groups_Vector.uexp" 254
"../../../Engine/Content/EditorMaterials/MatineeGroups/MAT_Groups_Sound.uasset" 255
"../../../Engine/Content/EditorMaterials/MatineeGroups/MAT_Groups_Sound.uexp" 256
"../../../Engine/Content/EditorMaterials/MatineeGroups/MAT_Groups_Slomo.uasset" 257
"../../../Engine/Content/EditorMaterials/MatineeGroups/MAT_Groups_Slomo.uexp" 258
"../../../Engine/Content/EditorMaterials/MatineeGroups/MAT_Groups_Move.uasset" 259
"../../../Engine/Content/EditorMaterials/MatineeGroups/MAT_Groups_Move.uexp" 260
"../../../Engine/Content/EditorMaterials/MatineeGroups/MAT_Groups_Float.uasset" 261
"../../../Engine/Content/EditorMaterials/MatineeGroups/MAT_Groups_Float.uexp" 262
"../../../Engine/Content/EditorMaterials/MatineeGroups/MAT_Groups_Fade.uasset" 263
"../../../Engine/Content/EditorMaterials/MatineeGroups/MAT_Groups_Fade.uexp" 264
"../../../Engine/Content/EditorMaterials/MatineeGroups/MAT_Groups_Event.uasset" 265
"../../../Engine/Content/EditorMaterials/MatineeGroups/MAT_Groups_Event.uexp" 266
"../../../Engine/Content/EditorMaterials/MatineeGroups/MAT_Groups_Director.uasset" 267
"../../../Engine/Content/EditorMaterials/MatineeGroups/MAT_Groups_Director.uexp" 268
"../../../Engine/Content/EditorMaterials/MatineeGroups/MAT_Groups_AudioMaster.uasset" 269
"../../../Engine/Content/EditorMaterials/MatineeGroups/MAT_Groups_AudioMaster.uexp" 270
"../../../Engine/Content/EditorMaterials/MatineeGroups/MAT_Groups_Anim.uasset" 271
"../../../Engine/Content/EditorMaterials/MatineeGroups/MAT_Groups_Anim.uexp" 272
"../../../Engine/Content/EditorMaterials/MatineeGroups/MAT_ColorTrack.uasset" 273
"../../../Engine/Content/EditorMaterials/MatineeGroups/MAT_ColorTrack.uexp" 274
"../../../Engine/Content/EditorLandscapeResources/DefaultAlphaTexture.uasset" 275
"../../../Engine/Content/EditorLandscapeResources/DefaultAlphaTexture.uexp" 276
"../../../Engine/Content/EditorLandscapeResources/DataLayer.uasset" 277
"../../../Engine/Content/EditorLandscapeResources/DataLayer.uexp" 278
"../../../Engine/Content/EngineMaterials/T_Default_Material_Grid_M.ubulk" 279
"../../../Engine/Content/EngineMaterials/T_Default_Material_Grid_M.uasset" 280
"../../../Engine/Content/EngineMaterials/T_Default_Material_Grid_M.uexp" 281
"../../../Engine/Content/EngineMaterials/T_Default_Material_Grid_N.ubulk" 282
"../../../Engine/Content/EngineMaterials/T_Default_Material_Grid_N.uasset" 283
"../../../Engine/Content/EngineMaterials/T_Default_Material_Grid_N.uexp" 284
"../../../Engine/Content/Functions/Engine_MaterialFunctions01/Opacity/CameraDepthFade.uasset" 285
"../../../Engine/Content/Functions/Engine_MaterialFunctions01/Opacity/CameraDepthFade.uexp" 286
"../../../Engine/Content/EngineMaterials/DefaultMaterial.uasset" 287
"../../../Engine/Content/EngineMaterials/DefaultMaterial.uexp" 288
"../../../Engine/Content/BasicShapes/Cone.uasset" 289
"../../../Engine/Content/BasicShapes/Cone.uexp" 290
"../../../Engine/Content/EngineMaterials/WorldGridMaterial.uasset" 291
"../../../Engine/Content/EngineMaterials/WorldGridMaterial.uexp" 292
"../../../Engine/Content/ArtTools/RenderToTexture/Meshes/S_1_Unit_Plane.uasset" 293
"../../../Engine/Content/ArtTools/RenderToTexture/Meshes/S_1_Unit_Plane.uexp" 294
"../../../Engine/Content/Tutorial/ContentIntroCurve.uasset" 295
"../../../Engine/Content/Tutorial/ContentIntroCurve.uexp" 296
"../../../Engine/Content/VREditor/TransformGizmo/Main.uasset" 297
"../../../Engine/Content/VREditor/TransformGizmo/Main.uexp" 298
"../../../Engine/Content/VREditor/TransformGizmo/Xray.uasset" 299
"../../../Engine/Content/VREditor/TransformGizmo/Xray.uexp" 300
"../../../Engine/Content/VREditor/TransformGizmo/SM_Sequencer_Node.uasset" 301
"../../../Engine/Content/VREditor/TransformGizmo/SM_Sequencer_Node.uexp" 302
"../../../Engine/Content/VREditor/LaserPointer/VR_LaserPower_01.ubulk" 303
"../../../Engine/Content/VREditor/LaserPointer/VR_LaserPower_01.uasset" 304
"../../../Engine/Content/VREditor/LaserPointer/VR_LaserPower_01.uexp" 305
"../../../Engine/Content/VREditor/TransformGizmo/TransformGizmoMaterial.uasset" 306
"../../../Engine/Content/VREditor/TransformGizmo/TransformGizmoMaterial.uexp" 307
"../../../Engine/Content/VREditor/TransformGizmo/TranslucentTransformGizmoMaterial.uasset" 308
"../../../Engine/Content/VREditor/TransformGizmo/TranslucentTransformGizmoMaterial.uexp" 309
"../../../Engine/Content/VREditor/TransformGizmo/PlaneTranslationHandle.uasset" 310
"../../../Engine/Content/VREditor/TransformGizmo/PlaneTranslationHandle.uexp" 311
"../../../Engine/Content/VREditor/TransformGizmo/BoundingBoxEdge.uasset" 312
"../../../Engine/Content/VREditor/TransformGizmo/BoundingBoxEdge.uexp" 313
"../../../Engine/Content/VREditor/TransformGizmo/BoundingBoxCorner.uasset" 314
"../../../Engine/Content/VREditor/TransformGizmo/BoundingBoxCorner.uexp" 315
"../../../Engine/Plugins/2D/Paper2D/Content/PlaceholderTextures/DummySpriteTexture.ubulk" 316
"../../../Engine/Plugins/2D/Paper2D/Content/PlaceholderTextures/DummySpriteTexture.uasset" 317
"../../../Engine/Plugins/2D/Paper2D/Content/PlaceholderTextures/DummySpriteTexture.uexp" 318
"../../../Engine/Plugins/2D/Paper2D/Content/DefaultSpriteMaterial.uasset" 319
"../../../Engine/Plugins/2D/Paper2D/Content/DefaultSpriteMaterial.uexp" 320
"../../../Engine/Plugins/2D/Paper2D/Content/OpaqueUnlitSpriteMaterial.uasset" 321
"../../../Engine/Plugins/2D/Paper2D/Content/OpaqueUnlitSpriteMaterial.uexp" 322
"../../../Engine/Plugins/2D/Paper2D/Content/MaskedUnlitSpriteMaterial.uasset" 323
"../../../Engine/Plugins/2D/Paper2D/Content/MaskedUnlitSpriteMaterial.uexp" 324
"../../../Engine/Plugins/2D/Paper2D/Content/DummySprite.uasset" 325
"../../../Engine/Plugins/2D/Paper2D/Content/DummySprite.uexp" 326
"../../../Engine/Plugins/2D/Paper2D/Content/DefaultPaperTerrainMaterial.uasset" 327
"../../../Engine/Plugins/2D/Paper2D/Content/DefaultPaperTerrainMaterial.uexp" 328
"../../../Engine/Plugins/Animation/ControlRig/Content/M_Manip.uasset" 329
"../../../Engine/Plugins/Animation/ControlRig/Content/M_Manip.uexp" 330
"../../../Engine/Plugins/Animation/ControlRig/Content/Controls/DefaultGizmoLibraryNormalized.uasset" 331
"../../../Engine/Plugins/Animation/ControlRig/Content/Controls/DefaultGizmoLibraryNormalized.uexp" 332
"../../../Engine/Plugins/Animation/ControlRig/Content/Controls/ControlRig_Wedge_solid.uasset" 333
"../../../Engine/Plugins/Animation/ControlRig/Content/Controls/ControlRig_Wedge_solid.uexp" 334
"../../../Engine/Plugins/Animation/ControlRig/Content/Controls/ControlRig_Wedge_3mm.uasset" 335
"../../../Engine/Plugins/Animation/ControlRig/Content/Controls/ControlRig_Wedge_3mm.uexp" 336
"../../../Engine/Plugins/Animation/ControlRig/Content/Controls/ControlRig_Wedge_1mm.uasset" 337
"../../../Engine/Plugins/Animation/ControlRig/Content/Controls/ControlRig_Wedge_1mm.uexp" 338
"../../../Engine/Plugins/Animation/ControlRig/Content/Controls/ControlRig_Triangle_solid.uasset" 339
"../../../Engine/Plugins/Animation/ControlRig/Content/Controls/ControlRig_Triangle_solid.uexp" 340
"../../../Engine/Plugins/Animation/ControlRig/Content/Controls/ControlRig_Triangle_3mm.uasset" 341
"../../../Engine/Plugins/Animation/ControlRig/Content/Controls/ControlRig_Triangle_3mm.uexp" 342
"../../../Engine/Plugins/Animation/ControlRig/Content/Controls/ControlRig_Triangle_1mm.uasset" 343
"../../../Engine/Plugins/Animation/ControlRig/Content/Controls/ControlRig_Triangle_1mm.uexp" 344
"../../../Engine/Plugins/Animation/ControlRig/Content/Controls/ControlRig_Star4_solid.uasset" 345
"../../../Engine/Plugins/Animation/ControlRig/Content/Controls/ControlRig_Star4_solid.uexp" 346
"../../../Engine/Plugins/Animation/ControlRig/Content/Controls/ControlRig_Star4_3mm.uasset" 347
"../../../Engine/Plugins/Animation/ControlRig/Content/Controls/ControlRig_Star4_3mm.uexp" 348
"../../../Engine/Plugins/Animation/ControlRig/Content/Controls/ControlRig_Star4_1mm.uasset" 349
"../../../Engine/Plugins/Animation/ControlRig/Content/Controls/ControlRig_Star4_1mm.uexp" 350
"../../../Engine/Plugins/Animation/ControlRig/Content/Controls/ControlRig_Square_solid.uasset" 351
"../../../Engine/Plugins/Animation/ControlRig/Content/Controls/ControlRig_Square_solid.uexp" 352
"../../../Engine/Plugins/Animation/ControlRig/Content/Controls/ControlRig_Square_3mm.uasset" 353
"../../../Engine/Plugins/Animation/ControlRig/Content/Controls/ControlRig_Square_3mm.uexp" 354
"../../../Engine/Plugins/Animation/ControlRig/Content/Controls/ControlRig_Square_1mm.uasset" 355
"../../../Engine/Plugins/Animation/ControlRig/Content/Controls/ControlRig_Square_1mm.uexp" 356
"../../../Engine/Plugins/Animation/ControlRig/Content/Controls/ControlRig_Sphere_solid.uasset" 357
"../../../Engine/Plugins/Animation/ControlRig/Content/Controls/ControlRig_Sphere_solid.uexp" 358
"../../../Engine/Plugins/Animation/ControlRig/Content/Controls/ControlRig_Sphere_3mm.uasset" 359
"../../../Engine/Plugins/Animation/ControlRig/Content/Controls/ControlRig_Sphere_3mm.uexp" 360
"../../../Engine/Plugins/Animation/ControlRig/Content/Controls/ControlRig_Sphere_1mm.uasset" 361
"../../../Engine/Plugins/Animation/ControlRig/Content/Controls/ControlRig_Sphere_1mm.uexp" 362
"../../../Engine/Plugins/Animation/ControlRig/Content/Controls/ControlRig_RoundedTriangle_solid.uasset" 363
"../../../Engine/Plugins/Animation/ControlRig/Content/Controls/ControlRig_RoundedTriangle_solid.uexp" 364
"../../../Engine/Plugins/Animation/ControlRig/Content/Controls/ControlRig_RoundedTriangle_3mm.uasset" 365
"../../../Engine/Plugins/Animation/ControlRig/Content/Controls/ControlRig_RoundedTriangle_3mm.uexp" 366
"../../../Engine/Plugins/Animation/ControlRig/Content/Controls/ControlRig_RoundedTriangle_1mm.uasset" 367
"../../../Engine/Plugins/Animation/ControlRig/Content/Controls/ControlRig_RoundedTriangle_1mm.uexp" 368
"../../../Engine/Plugins/Animation/ControlRig/Content/Controls/ControlRig_RoundedSquare_solid.uasset" 369
"../../../Engine/Plugins/Animation/ControlRig/Content/Controls/ControlRig_RoundedSquare_solid.uexp" 370
"../../../Engine/Plugins/Animation/ControlRig/Content/Controls/ControlRig_RoundedSquare_3mm.uasset" 371
"../../../Engine/Plugins/Animation/ControlRig/Content/Controls/ControlRig_RoundedSquare_3mm.uexp" 372
"../../../Engine/Plugins/Animation/ControlRig/Content/Controls/ControlRig_RoundedSquare_1mm.uasset" 373
"../../../Engine/Plugins/Animation/ControlRig/Content/Controls/ControlRig_RoundedSquare_1mm.uexp" 374
"../../../Engine/Plugins/Animation/ControlRig/Content/Controls/ControlRig_QuarterCircle_solid.uasset" 375
"../../../Engine/Plugins/Animation/ControlRig/Content/Controls/ControlRig_QuarterCircle_solid.uexp" 376
"../../../Engine/Plugins/Animation/ControlRig/Content/Controls/ControlRig_QuarterCircle_3mm.uasset" 377
"../../../Engine/Plugins/Animation/ControlRig/Content/Controls/ControlRig_QuarterCircle_3mm.uexp" 378
"../../../Engine/Plugins/Animation/ControlRig/Content/Controls/ControlRig_QuarterCircle_1mm.uasset" 379
"../../../Engine/Plugins/Animation/ControlRig/Content/Controls/ControlRig_QuarterCircle_1mm.uexp" 380
"../../../Engine/Plugins/Animation/ControlRig/Content/Controls/ControlRig_Pyramid_solid.uasset" 381
"../../../Engine/Plugins/Animation/ControlRig/Content/Controls/ControlRig_Pyramid_solid.uexp" 382
"../../../Engine/Plugins/Animation/ControlRig/Content/Controls/ControlRig_Pyramid_3mm.uasset" 383
"../../../Engine/Plugins/Animation/ControlRig/Content/Controls/ControlRig_Pyramid_3mm.uexp" 384
"../../../Engine/Plugins/Animation/ControlRig/Content/Controls/ControlRig_Pyramid_1mm.uasset" 385
"../../../Engine/Plugins/Animation/ControlRig/Content/Controls/ControlRig_Pyramid_1mm.uexp" 386
"../../../Engine/Plugins/Animation/ControlRig/Content/Controls/ControlRig_Octagon_solid.uasset" 387
"../../../Engine/Plugins/Animation/ControlRig/Content/Controls/ControlRig_Octagon_solid.uexp" 388
"../../../Engine/Plugins/Animation/ControlRig/Content/Controls/ControlRig_Octagon_3mm.uasset" 389
"../../../Engine/Plugins/Animation/ControlRig/Content/Controls/ControlRig_Octagon_3mm.uexp" 390
"../../../Engine/Plugins/Animation/ControlRig/Content/Controls/ControlRig_Octagon_1mm.uasset" 391
"../../../Engine/Plugins/Animation/ControlRig/Content/Controls/ControlRig_Octagon_1mm.uexp" 392
"../../../Engine/Plugins/Animation/ControlRig/Content/Controls/ControlRig_Hexagon_solid.uasset" 393
"../../../Engine/Plugins/Animation/ControlRig/Content/Controls/ControlRig_Hexagon_solid.uexp" 394
"../../../Engine/Plugins/Animation/ControlRig/Content/Controls/ControlRig_Hexagon_3mm.uasset" 395
"../../../Engine/Plugins/Animation/ControlRig/Content/Controls/ControlRig_Hexagon_3mm.uexp" 396
"../../../Engine/Plugins/Animation/ControlRig/Content/Controls/ControlRig_Hexagon_1mm.uasset" 397
"../../../Engine/Plugins/Animation/ControlRig/Content/Controls/ControlRig_Hexagon_1mm.uexp" 398
"../../../Engine/Plugins/Animation/ControlRig/Content/Controls/ControlRig_HalfCircle_solid.uasset" 399
"../../../Engine/Plugins/Animation/ControlRig/Content/Controls/ControlRig_HalfCircle_solid.uexp" 400
"../../../Engine/Plugins/Animation/ControlRig/Content/Controls/ControlRig_HalfCircle_3mm.uasset" 401
"../../../Engine/Plugins/Animation/ControlRig/Content/Controls/ControlRig_HalfCircle_3mm.uexp" 402
"../../../Engine/Plugins/Animation/ControlRig/Content/Controls/ControlRig_HalfCircle_1mm.uasset" 403
"../../../Engine/Plugins/Animation/ControlRig/Content/Controls/ControlRig_HalfCircle_1mm.uexp" 404
"../../../Engine/Plugins/Animation/ControlRig/Content/Controls/ControlRig_Diamond_solid.uasset" 405
"../../../Engine/Plugins/Animation/ControlRig/Content/Controls/ControlRig_Diamond_solid.uexp" 406
"../../../Engine/Plugins/Animation/ControlRig/Content/Controls/ControlRig_Diamond_3mm.uasset" 407
"../../../Engine/Plugins/Animation/ControlRig/Content/Controls/ControlRig_Diamond_3mm.uexp" 408
"../../../Engine/Plugins/Animation/ControlRig/Content/Controls/ControlRig_Diamond_1mm.uasset" 409
"../../../Engine/Plugins/Animation/ControlRig/Content/Controls/ControlRig_Diamond_1mm.uexp" 410
"../../../Engine/Plugins/Animation/ControlRig/Content/Controls/ControlRig_Circle_solid.uasset" 411
"../../../Engine/Plugins/Animation/ControlRig/Content/Controls/ControlRig_Circle_solid.uexp" 412
"../../../Engine/Plugins/Animation/ControlRig/Content/Controls/ControlRig_Circle_3mm.uasset" 413
"../../../Engine/Plugins/Animation/ControlRig/Content/Controls/ControlRig_Circle_3mm.uexp" 414
"../../../Engine/Plugins/Animation/ControlRig/Content/Controls/ControlRig_Circle_1mm.uasset" 415
"../../../Engine/Plugins/Animation/ControlRig/Content/Controls/ControlRig_Circle_1mm.uexp" 416
"../../../Engine/Plugins/Animation/ControlRig/Content/Controls/ControlRig_Box_solid.uasset" 417
"../../../Engine/Plugins/Animation/ControlRig/Content/Controls/ControlRig_Box_solid.uexp" 418
"../../../Engine/Plugins/Animation/ControlRig/Content/Controls/ControlRig_Box_3mm.uasset" 419
"../../../Engine/Plugins/Animation/ControlRig/Content/Controls/ControlRig_Box_3mm.uexp" 420
"../../../Engine/Plugins/Animation/ControlRig/Content/Controls/ControlRig_Box_1mm.uasset" 421
"../../../Engine/Plugins/Animation/ControlRig/Content/Controls/ControlRig_Box_1mm.uexp" 422
"../../../Engine/Plugins/Animation/ControlRig/Content/Controls/ControlRig_Arrow_solid.uasset" 423
"../../../Engine/Plugins/Animation/ControlRig/Content/Controls/ControlRig_Arrow_solid.uexp" 424
"../../../Engine/Plugins/Animation/ControlRig/Content/Controls/ControlRig_Arrow_3mm.uasset" 425
"../../../Engine/Plugins/Animation/ControlRig/Content/Controls/ControlRig_Arrow_3mm.uexp" 426
"../../../Engine/Plugins/Animation/ControlRig/Content/Controls/ControlRig_Arrow_1mm.uasset" 427
"../../../Engine/Plugins/Animation/ControlRig/Content/Controls/ControlRig_Arrow_1mm.uexp" 428
"../../../Engine/Plugins/Animation/ControlRig/Content/Controls/ControlRig_Arrow4_solid.uasset" 429
"../../../Engine/Plugins/Animation/ControlRig/Content/Controls/ControlRig_Arrow4_solid.uexp" 430
"../../../Engine/Plugins/Animation/ControlRig/Content/Controls/ControlRig_Arrow4_3mm.uasset" 431
"../../../Engine/Plugins/Animation/ControlRig/Content/Controls/ControlRig_Arrow4_3mm.uexp" 432
"../../../Engine/Plugins/Animation/ControlRig/Content/Controls/ControlRig_Arrow4_1mm.uasset" 433
"../../../Engine/Plugins/Animation/ControlRig/Content/Controls/ControlRig_Arrow4_1mm.uexp" 434
"../../../Engine/Plugins/Animation/ControlRig/Content/Controls/ControlRig_Arrow2_solid.uasset" 435
"../../../Engine/Plugins/Animation/ControlRig/Content/Controls/ControlRig_Arrow2_solid.uexp" 436
"../../../Engine/Plugins/Animation/ControlRig/Content/Controls/ControlRig_Arrow2_3mm.uasset" 437
"../../../Engine/Plugins/Animation/ControlRig/Content/Controls/ControlRig_Arrow2_3mm.uexp" 438
"../../../Engine/Plugins/Animation/ControlRig/Content/Controls/ControlRig_Arrow2_1mm.uasset" 439
"../../../Engine/Plugins/Animation/ControlRig/Content/Controls/ControlRig_Arrow2_1mm.uexp" 440
"../../../Engine/Plugins/Animation/ControlRig/Content/Controls/ControlRigGizmoMaterial.uasset" 441
"../../../Engine/Plugins/Animation/ControlRig/Content/Controls/ControlRigGizmoMaterial.uexp" 442
"../../../Engine/Plugins/Editor/SpeedTreeImporter/Content/SpeedTree9/game_wind_noise.ubulk" 443
"../../../Engine/Plugins/Editor/SpeedTreeImporter/Content/SpeedTree9/game_wind_noise.uasset" 444
"../../../Engine/Plugins/Editor/SpeedTreeImporter/Content/SpeedTree9/game_wind_noise.uexp" 445
"../../../Engine/Plugins/Editor/SpeedTreeImporter/Content/SpeedTree9/UnpackDirection.uasset" 446
"../../../Engine/Plugins/Editor/SpeedTreeImporter/Content/SpeedTree9/UnpackDirection.uexp" 447
"../../../Engine/Content/Functions/Engine_MaterialFunctions02/ObjectLocalBounds.uasset" 448
"../../../Engine/Content/Functions/Engine_MaterialFunctions02/ObjectLocalBounds.uexp" 449
"../../../Engine/Content/Functions/Engine_MaterialFunctions02/UVs/BoundingBoxBased_0-1_UVW.uasset" 450
"../../../Engine/Content/Functions/Engine_MaterialFunctions02/UVs/BoundingBoxBased_0-1_UVW.uexp" 451
"../../../Engine/Content/Functions/Engine_MaterialFunctions02/Utility/VectorLength.uasset" 452
"../../../Engine/Content/Functions/Engine_MaterialFunctions02/Utility/VectorLength.uexp" 453
"../../../Engine/Plugins/Editor/SpeedTreeImporter/Content/SpeedTree9/UnpackInteger3.uasset" 454
"../../../Engine/Plugins/Editor/SpeedTreeImporter/Content/SpeedTree9/UnpackInteger3.uexp" 455
"../../../Engine/Plugins/Editor/SpeedTreeImporter/Content/SpeedTree9/SpeedTreeCameraFacing.uasset" 456
"../../../Engine/Plugins/Editor/SpeedTreeImporter/Content/SpeedTree9/SpeedTreeCameraFacing.uexp" 457
"../../../Engine/Content/Functions/Engine_MaterialFunctions02/WorldPositionOffset/ObjectScale.uasset" 458
"../../../Engine/Content/Functions/Engine_MaterialFunctions02/WorldPositionOffset/ObjectScale.uexp" 459
"../../../Engine/Content/Functions/Engine_MaterialFunctions02/SafeNormalize.uasset" 460
"../../../Engine/Content/Functions/Engine_MaterialFunctions02/SafeNormalize.uexp" 461
"../../../Engine/Plugins/Editor/SpeedTreeImporter/Content/SpeedTree9/SpeedTreeWindMotion.uasset" 462
"../../../Engine/Plugins/Editor/SpeedTreeImporter/Content/SpeedTree9/SpeedTreeWindMotion.uexp" 463
"../../../Engine/Plugins/Editor/SpeedTreeImporter/Content/SpeedTree9/SpeedTreeBranchMotion.uasset" 464
"../../../Engine/Plugins/Editor/SpeedTreeImporter/Content/SpeedTree9/SpeedTreeBranchMotion.uexp" 465
"../../../Engine/Plugins/Editor/SpeedTreeImporter/Content/SpeedTree9/SpeedTreeWind.uasset" 466
"../../../Engine/Plugins/Editor/SpeedTreeImporter/Content/SpeedTree9/SpeedTreeWind.uexp" 467
"../../../Engine/Plugins/Editor/SpeedTreeImporter/Content/SpeedTree9/EmptyNormal.uasset" 468
"../../../Engine/Plugins/Editor/SpeedTreeImporter/Content/SpeedTree9/EmptyNormal.uexp" 469
"../../../Engine/Plugins/Editor/SpeedTreeImporter/Content/SpeedTree9/Empty.uasset" 470
"../../../Engine/Plugins/Editor/SpeedTreeImporter/Content/SpeedTree9/Empty.uexp" 471
"../../../Engine/Plugins/Editor/SpeedTreeImporter/Content/SpeedTree9/SpeedTreeMaster.uasset" 472
"../../../Engine/Plugins/Editor/SpeedTreeImporter/Content/SpeedTree9/SpeedTreeMaster.uexp" 473
"../../../Engine/Plugins/Editor/SpeedTreeImporter/Content/SpeedTree9/SpeedTreeBillboard.uasset" 474
"../../../Engine/Plugins/Editor/SpeedTreeImporter/Content/SpeedTree9/SpeedTreeBillboard.uexp" 475
"../../../Engine/Plugins/Editor/SpeedTreeImporter/Content/SpeedTree9/SpeedTreeBillboardMaster.uasset" 476
"../../../Engine/Plugins/Editor/SpeedTreeImporter/Content/SpeedTree9/SpeedTreeBillboardMaster.uexp" 477
"../../../Engine/Plugins/Runtime/HairStrands/Content/Materials/HairMeshesDefaultMaterial.uasset" 478
"../../../Engine/Plugins/Runtime/HairStrands/Content/Materials/HairMeshesDefaultMaterial.uexp" 479
"../../../Engine/Plugins/Runtime/HairStrands/Content/Materials/HairDefaultMaterial.uasset" 480
"../../../Engine/Plugins/Runtime/HairStrands/Content/Materials/HairDefaultMaterial.uexp" 481
"../../../Engine/Plugins/Runtime/HairStrands/Content/Materials/HairGroupColors.uasset" 482
"../../../Engine/Plugins/Runtime/HairStrands/Content/Materials/HairGroupColors.uexp" 483
"../../../Engine/Content/EngineMaterials/HairColorMap.uasset" 484
"../../../Engine/Content/EngineMaterials/HairColorMap.uexp" 485
"../../../Engine/Content/EngineMaterials/HairDebugColor.uasset" 486
"../../../Engine/Content/EngineMaterials/HairDebugColor.uexp" 487
"../../../Engine/Plugins/Runtime/HairStrands/Content/Materials/HairDebugMaterial.uasset" 488
"../../../Engine/Plugins/Runtime/HairStrands/Content/Materials/HairDebugMaterial.uexp" 489
"../../../Engine/Plugins/Runtime/HairStrands/Content/Materials/HairCardsDefaultMaterial.uasset" 490
"../../../Engine/Plugins/Runtime/HairStrands/Content/Materials/HairCardsDefaultMaterial.uexp" 491
"../../../Engine/Plugins/Runtime/Oculus/OculusVR/Content/Materials/PokeAHoleMaterial.uasset" 492
"../../../Engine/Plugins/Runtime/Oculus/OculusVR/Content/Materials/PokeAHoleMaterial.uexp" 493
"../../../Engine/Plugins/Runtime/Oculus/OculusVR/Content/Materials/OculusMR_OpaqueColoredMaterial.uasset" 494
"../../../Engine/Plugins/Runtime/Oculus/OculusVR/Content/Materials/OculusMR_OpaqueColoredMaterial.uexp" 495
"../../../Engine/Content/Functions/Engine_MaterialFunctions02/Utility/BreakOutFloat4Components.uasset" 496
"../../../Engine/Content/Functions/Engine_MaterialFunctions02/Utility/BreakOutFloat4Components.uexp" 497
"../../../Engine/Plugins/Runtime/Oculus/OculusVR/Content/Materials/OculusMR_ChromaKey.uasset" 498
"../../../Engine/Plugins/Runtime/Oculus/OculusVR/Content/Materials/OculusMR_ChromaKey.uexp" 499
"../../../Engine/Plugins/Runtime/Oculus/OculusVR/Content/Textures/TouchForQuestRiftSController_albedo.ubulk" 500
"../../../Engine/Plugins/Runtime/Oculus/OculusVR/Content/Textures/TouchForQuestRiftSController_albedo.uasset" 501
"../../../Engine/Plugins/Runtime/Oculus/OculusVR/Content/Textures/TouchForQuestRiftSController_albedo.uexp" 502
"../../../Engine/Plugins/Runtime/Oculus/OculusVR/Content/Materials/TouchForQuestRiftSControllerMaterial.uasset" 503
"../../../Engine/Plugins/Runtime/Oculus/OculusVR/Content/Materials/TouchForQuestRiftSControllerMaterial.uexp" 504
"../../../Engine/Plugins/Runtime/Oculus/OculusVR/Content/Meshes/RightTouchForQuestRiftSController.uasset" 505
"../../../Engine/Plugins/Runtime/Oculus/OculusVR/Content/Meshes/RightTouchForQuestRiftSController.uexp" 506
"../../../Engine/Plugins/Runtime/Oculus/OculusVR/Content/Textures/touchController_albedo.ubulk" 507
"../../../Engine/Plugins/Runtime/Oculus/OculusVR/Content/Textures/touchController_albedo.uasset" 508
"../../../Engine/Plugins/Runtime/Oculus/OculusVR/Content/Textures/touchController_albedo.uexp" 509
"../../../Engine/Plugins/Runtime/Oculus/OculusVR/Content/Textures/touchController_controlmap.ubulk" 510
"../../../Engine/Plugins/Runtime/Oculus/OculusVR/Content/Textures/touchController_controlmap.uasset" 511
"../../../Engine/Plugins/Runtime/Oculus/OculusVR/Content/Textures/touchController_controlmap.uexp" 512
"../../../Engine/Plugins/Runtime/Oculus/OculusVR/Content/Materials/touchController_mat.uasset" 513
"../../../Engine/Plugins/Runtime/Oculus/OculusVR/Content/Materials/touchController_mat.uexp" 514
"../../../Engine/Plugins/Runtime/Oculus/OculusVR/Content/Meshes/RightTouchController.uasset" 515
"../../../Engine/Plugins/Runtime/Oculus/OculusVR/Content/Meshes/RightTouchController.uexp" 516
"../../../Engine/Plugins/Runtime/Oculus/OculusVR/Content/Meshes/RiftHMD.uasset" 517
"../../../Engine/Plugins/Runtime/Oculus/OculusVR/Content/Meshes/RiftHMD.uexp" 518
"../../../Engine/Plugins/Runtime/Oculus/OculusVR/Content/Meshes/LeftTouchForQuestRiftSController.uasset" 519
"../../../Engine/Plugins/Runtime/Oculus/OculusVR/Content/Meshes/LeftTouchForQuestRiftSController.uexp" 520
"../../../Engine/Plugins/Runtime/Oculus/OculusVR/Content/Meshes/LeftTouchController.uasset" 521
"../../../Engine/Plugins/Runtime/Oculus/OculusVR/Content/Meshes/LeftTouchController.uexp" 522
"../../../Engine/Content/EngineResources/Black.uasset" 523
"../../../Engine/Content/EngineResources/Black.uexp" 524
"../../../Engine/Plugins/Runtime/OpenXR/Content/Devices/M_XRController.uasset" 525
"../../../Engine/Plugins/Runtime/OpenXR/Content/Devices/M_XRController.uexp" 526
"../../../Engine/Plugins/Runtime/OpenXR/Content/Devices/HTCVive/BaseTexture.ubulk" 527
"../../../Engine/Plugins/Runtime/OpenXR/Content/Devices/HTCVive/BaseTexture.uasset" 528
"../../../Engine/Plugins/Runtime/OpenXR/Content/Devices/HTCVive/BaseTexture.uexp" 529
"../../../Engine/Plugins/Runtime/OpenXR/Content/Devices/HTCVive/MI_HTCVive.uasset" 530
"../../../Engine/Plugins/Runtime/OpenXR/Content/Devices/HTCVive/MI_HTCVive.uexp" 531
"../../../Engine/Plugins/Runtime/OpenXR/Content/Devices/HTCVive/HTCViveController.uasset" 532
"../../../Engine/Plugins/Runtime/OpenXR/Content/Devices/HTCVive/HTCViveController.uexp" 533
"../../../Engine/Plugins/Runtime/OpenXR/Content/Devices/MicrosoftMixedReality/NormalTexture.ubulk" 534
"../../../Engine/Plugins/Runtime/OpenXR/Content/Devices/MicrosoftMixedReality/NormalTexture.uasset" 535
"../../../Engine/Plugins/Runtime/OpenXR/Content/Devices/MicrosoftMixedReality/NormalTexture.uexp" 536
"../../../Engine/Plugins/Runtime/OpenXR/Content/Devices/MicrosoftMixedReality/EmissiveTexture.ubulk" 537
"../../../Engine/Plugins/Runtime/OpenXR/Content/Devices/MicrosoftMixedReality/EmissiveTexture.uasset" 538
"../../../Engine/Plugins/Runtime/OpenXR/Content/Devices/MicrosoftMixedReality/EmissiveTexture.uexp" 539
"../../../Engine/Plugins/Runtime/OpenXR/Content/Devices/MicrosoftMixedReality/BaseTexture.ubulk" 540
"../../../Engine/Plugins/Runtime/OpenXR/Content/Devices/MicrosoftMixedReality/BaseTexture.uasset" 541
"../../../Engine/Plugins/Runtime/OpenXR/Content/Devices/MicrosoftMixedReality/BaseTexture.uexp" 542
"../../../Engine/Plugins/Runtime/OpenXR/Content/Devices/MicrosoftMixedReality/MRTexture.ubulk" 543
"../../../Engine/Plugins/Runtime/OpenXR/Content/Devices/MicrosoftMixedReality/MRTexture.uasset" 544
"../../../Engine/Plugins/Runtime/OpenXR/Content/Devices/MicrosoftMixedReality/MRTexture.uexp" 545
"../../../Engine/Plugins/Runtime/OpenXR/Content/Devices/MicrosoftMixedReality/MI_MicrosoftMixedReality.uasset" 546
"../../../Engine/Plugins/Runtime/OpenXR/Content/Devices/MicrosoftMixedReality/MI_MicrosoftMixedReality.uexp" 547
"../../../Engine/Plugins/Runtime/OpenXR/Content/Devices/MicrosoftMixedReality/Left/left_MicrosoftMixedRealityController.uasset" 548
"../../../Engine/Plugins/Runtime/OpenXR/Content/Devices/MicrosoftMixedReality/Left/left_MicrosoftMixedRealityController.uexp" 549
"../../../Engine/Plugins/Runtime/OpenXR/Content/Devices/MicrosoftMixedReality/Right/right_MicrosoftMixedRealityController.uasset" 550
"../../../Engine/Plugins/Runtime/OpenXR/Content/Devices/MicrosoftMixedReality/Right/right_MicrosoftMixedRealityController.uexp" 551
"../../../Engine/Plugins/Runtime/OpenXR/Content/Devices/OculusGo/BaseTexture.ubulk" 552
"../../../Engine/Plugins/Runtime/OpenXR/Content/Devices/OculusGo/BaseTexture.uasset" 553
"../../../Engine/Plugins/Runtime/OpenXR/Content/Devices/OculusGo/BaseTexture.uexp" 554
"../../../Engine/Plugins/Runtime/OpenXR/Content/Devices/OculusGo/MI_OculusGo.uasset" 555
"../../../Engine/Plugins/Runtime/OpenXR/Content/Devices/OculusGo/MI_OculusGo.uexp" 556
"../../../Engine/Plugins/Runtime/OpenXR/Content/Devices/OculusGo/OculusGoController.uasset" 557
"../../../Engine/Plugins/Runtime/OpenXR/Content/Devices/OculusGo/OculusGoController.uexp" 558
"../../../Engine/Plugins/Runtime/OpenXR/Content/Devices/OculusTouch/BaseTexture.ubulk" 559
"../../../Engine/Plugins/Runtime/OpenXR/Content/Devices/OculusTouch/BaseTexture.uasset" 560
"../../../Engine/Plugins/Runtime/OpenXR/Content/Devices/OculusTouch/BaseTexture.uexp" 561
"../../../Engine/Plugins/Runtime/OpenXR/Content/Devices/OculusTouch/MRTexture.ubulk" 562
"../../../Engine/Plugins/Runtime/OpenXR/Content/Devices/OculusTouch/MRTexture.uasset" 563
"../../../Engine/Plugins/Runtime/OpenXR/Content/Devices/OculusTouch/MRTexture.uexp" 564
"../../../Engine/Plugins/Runtime/OpenXR/Content/Devices/OculusTouch/MI_OculusTouch.uasset" 565
"../../../Engine/Plugins/Runtime/OpenXR/Content/Devices/OculusTouch/MI_OculusTouch.uexp" 566
"../../../Engine/Plugins/Runtime/OpenXR/Content/Devices/OculusTouch/Left/left_OculusTouchController.uasset" 567
"../../../Engine/Plugins/Runtime/OpenXR/Content/Devices/OculusTouch/Left/left_OculusTouchController.uexp" 568
"../../../Engine/Plugins/Runtime/OpenXR/Content/Devices/OculusTouch/Right/right_OculusTouchController.uasset" 569
"../../../Engine/Plugins/Runtime/OpenXR/Content/Devices/OculusTouch/Right/right_OculusTouchController.uexp" 570
"../../../Engine/Plugins/Runtime/OpenXR/Content/Devices/OculusTouch_v2/BaseTexture.ubulk" 571
"../../../Engine/Plugins/Runtime/OpenXR/Content/Devices/OculusTouch_v2/BaseTexture.uasset" 572
"../../../Engine/Plugins/Runtime/OpenXR/Content/Devices/OculusTouch_v2/BaseTexture.uexp" 573
"../../../Engine/Plugins/Runtime/OpenXR/Content/Devices/OculusTouch_v2/MRTexture.ubulk" 574
"../../../Engine/Plugins/Runtime/OpenXR/Content/Devices/OculusTouch_v2/MRTexture.uasset" 575
"../../../Engine/Plugins/Runtime/OpenXR/Content/Devices/OculusTouch_v2/MRTexture.uexp" 576
"../../../Engine/Plugins/Runtime/OpenXR/Content/Devices/OculusTouch_v2/MI_OculusTouch_v2.uasset" 577
"../../../Engine/Plugins/Runtime/OpenXR/Content/Devices/OculusTouch_v2/MI_OculusTouch_v2.uexp" 578
"../../../Engine/Plugins/Runtime/OpenXR/Content/Devices/OculusTouch_v2/Left/left_OculusTouch_v2Controller.uasset" 579
"../../../Engine/Plugins/Runtime/OpenXR/Content/Devices/OculusTouch_v2/Left/left_OculusTouch_v2Controller.uexp" 580
"../../../Engine/Plugins/Runtime/OpenXR/Content/Devices/OculusTouch_v2/Right/right_OculusTouch_v2Controller.uasset" 581
"../../../Engine/Plugins/Runtime/OpenXR/Content/Devices/OculusTouch_v2/Right/right_OculusTouch_v2Controller.uexp" 582
"../../../Engine/Plugins/Runtime/OpenXR/Content/Devices/OculusTouch_v3/MRTexture.ubulk" 583
"../../../Engine/Plugins/Runtime/OpenXR/Content/Devices/OculusTouch_v3/MRTexture.uasset" 584
"../../../Engine/Plugins/Runtime/OpenXR/Content/Devices/OculusTouch_v3/MRTexture.uexp" 585
"../../../Engine/Plugins/Runtime/OpenXR/Content/Devices/OculusTouch_v3/BaseTexture.ubulk" 586
"../../../Engine/Plugins/Runtime/OpenXR/Content/Devices/OculusTouch_v3/BaseTexture.uasset" 587
"../../../Engine/Plugins/Runtime/OpenXR/Content/Devices/OculusTouch_v3/BaseTexture.uexp" 588
"../../../Engine/Plugins/Runtime/OpenXR/Content/Devices/OculusTouch_v3/MI_OculusTouch_v3.uasset" 589
"../../../Engine/Plugins/Runtime/OpenXR/Content/Devices/OculusTouch_v3/MI_OculusTouch_v3.uexp" 590
"../../../Engine/Plugins/Runtime/OpenXR/Content/Devices/OculusTouch_v3/Left/left_OculusTouch_v3Controller.uasset" 591
"../../../Engine/Plugins/Runtime/OpenXR/Content/Devices/OculusTouch_v3/Left/left_OculusTouch_v3Controller.uexp" 592
"../../../Engine/Plugins/Runtime/OpenXR/Content/Devices/OculusTouch_v3/Right/right_OculusTouch_v3Controller.uasset" 593
"../../../Engine/Plugins/Runtime/OpenXR/Content/Devices/OculusTouch_v3/Right/right_OculusTouch_v3Controller.uexp" 594
"../../../Engine/Plugins/Runtime/OpenXR/Content/Devices/ValveIndex/MRTexture.ubulk" 595
"../../../Engine/Plugins/Runtime/OpenXR/Content/Devices/ValveIndex/MRTexture.uasset" 596
"../../../Engine/Plugins/Runtime/OpenXR/Content/Devices/ValveIndex/MRTexture.uexp" 597
"../../../Engine/Plugins/Runtime/OpenXR/Content/Devices/ValveIndex/BaseTexture.ubulk" 598
"../../../Engine/Plugins/Runtime/OpenXR/Content/Devices/ValveIndex/BaseTexture.uasset" 599
"../../../Engine/Plugins/Runtime/OpenXR/Content/Devices/ValveIndex/BaseTexture.uexp" 600
"../../../Engine/Plugins/Runtime/OpenXR/Content/Devices/ValveIndex/Left/MI_left_ValveIndex.uasset" 601
"../../../Engine/Plugins/Runtime/OpenXR/Content/Devices/ValveIndex/Left/MI_left_ValveIndex.uexp" 602
"../../../Engine/Plugins/Runtime/OpenXR/Content/Devices/ValveIndex/Left/left_ValveIndexController.uasset" 603
"../../../Engine/Plugins/Runtime/OpenXR/Content/Devices/ValveIndex/Left/left_ValveIndexController.uexp" 604
"../../../Engine/Plugins/Runtime/OpenXR/Content/Devices/ValveIndex/Right/MI_right_ValveIndex.uasset" 605
"../../../Engine/Plugins/Runtime/OpenXR/Content/Devices/ValveIndex/Right/MI_right_ValveIndex.uexp" 606
"../../../Engine/Plugins/Runtime/OpenXR/Content/Devices/ValveIndex/Right/right_ValveIndexController.uasset" 607
"../../../Engine/Plugins/Runtime/OpenXR/Content/Devices/ValveIndex/Right/right_ValveIndexController.uexp" 608
"../../../Engine/Plugins/Runtime/WebBrowserWidget/Content/WebTexture_T.uasset" 609
"../../../Engine/Plugins/Runtime/WebBrowserWidget/Content/WebTexture_T.uexp" 610
"../../../Engine/Plugins/Runtime/WebBrowserWidget/Content/WebTexture_TM.uasset" 611
"../../../Engine/Plugins/Runtime/WebBrowserWidget/Content/WebTexture_TM.uexp" 612
"../../../Engine/Plugins/Runtime/WebBrowserWidget/Content/WebTexture_M.uasset" 613
"../../../Engine/Plugins/Runtime/WebBrowserWidget/Content/WebTexture_M.uexp" 614
"C:/Users/mahmo/Desktop/Capstone Proj VR/Content/AddedContent/TandP/Portals/SFX/S_Portal.ubulk" 615
"C:/Users/mahmo/Desktop/Capstone Proj VR/Content/AddedContent/TandP/Portals/SFX/S_Portal.uasset" 616
"C:/Users/mahmo/Desktop/Capstone Proj VR/Content/AddedContent/TandP/Portals/SFX/S_Portal.uexp" 617
"C:/Users/mahmo/Desktop/Capstone Proj VR/Content/AddedContent/VRTemplate/VFX/NPC_VRTemplate.uasset" 618
"C:/Users/mahmo/Desktop/Capstone Proj VR/Content/AddedContent/VRTemplate/VFX/NPC_VRTemplate.uexp" 619
"C:/Users/mahmo/Desktop/Capstone Proj VR/Content/AddedContent/VirtualReality/Mannequin/SkeletalMeshes/MannequinHand_Right_Skeleton.uasset" 620
"C:/Users/mahmo/Desktop/Capstone Proj VR/Content/AddedContent/VirtualReality/Mannequin/SkeletalMeshes/MannequinHand_Right_Skeleton.uexp" 621
"../../../Engine/Content/Animation/DefaultAnimCurveCompressionSettings.uasset" 622
"../../../Engine/Content/Animation/DefaultAnimCurveCompressionSettings.uexp" 623
"../../../Engine/Content/Animation/DefaultAnimBoneCompressionSettings.uasset" 624
"../../../Engine/Content/Animation/DefaultAnimBoneCompressionSettings.uexp" 625
"C:/Users/mahmo/Desktop/Capstone Proj VR/Content/AddedContent/VirtualReality/Mannequin/Animations/MannequinHand_Right_CanGrab.uasset" 626
"C:/Users/mahmo/Desktop/Capstone Proj VR/Content/AddedContent/VirtualReality/Mannequin/Animations/MannequinHand_Right_CanGrab.uexp" 627
"C:/Users/mahmo/Desktop/Capstone Proj VR/Content/AddedContent/VirtualReality/Mannequin/Animations/MannquinHand_Right_Point.uasset" 628
"C:/Users/mahmo/Desktop/Capstone Proj VR/Content/AddedContent/VirtualReality/Mannequin/Animations/MannquinHand_Right_Point.uexp" 629
"C:/Users/mahmo/Desktop/Capstone Proj VR/Content/AddedContent/VirtualReality/Mannequin/Animations/MannequinHand_Right_Open.uasset" 630
"C:/Users/mahmo/Desktop/Capstone Proj VR/Content/AddedContent/VirtualReality/Mannequin/Animations/MannequinHand_Right_Open.uexp" 631
"C:/Users/mahmo/Desktop/Capstone Proj VR/Content/Fundamental/Blueprints/Animation/BS1D_FingerPoint.uasset" 632
"C:/Users/mahmo/Desktop/Capstone Proj VR/Content/Fundamental/Blueprints/Animation/BS1D_FingerPoint.uexp" 633
"C:/Users/mahmo/Desktop/Capstone Proj VR/Content/Fundamental/Blueprints/Animation/ABP_VRPoint.uasset" 634
"C:/Users/mahmo/Desktop/Capstone Proj VR/Content/Fundamental/Blueprints/Animation/ABP_VRPoint.uexp" 635
"C:/Users/mahmo/Desktop/Capstone Proj VR/Content/AddedContent/VRTemplate/Blueprints/VRTeleportVisualizer.uasset" 636
"C:/Users/mahmo/Desktop/Capstone Proj VR/Content/AddedContent/VRTemplate/Blueprints/VRTeleportVisualizer.uexp" 637
"../../../Engine/Content/VREditor/Devices/Vive/M_ViveControllerTrim.uasset" 638
"../../../Engine/Content/VREditor/Devices/Vive/M_ViveControllerTrim.uexp" 639
"C:/Users/mahmo/Desktop/Capstone Proj VR/Content/Fundamental/StaticMeshes/InteractBeam.uasset" 640
"C:/Users/mahmo/Desktop/Capstone Proj VR/Content/Fundamental/StaticMeshes/InteractBeam.uexp" 641
"C:/Users/mahmo/Desktop/Capstone Proj VR/Content/AddedContent/VirtualReality/Mannequin/SkeletalMeshes/SK_MannequinHand_Right.uasset" 642
"C:/Users/mahmo/Desktop/Capstone Proj VR/Content/AddedContent/VirtualReality/Mannequin/SkeletalMeshes/SK_MannequinHand_Right.uexp" 643
"C:/Users/mahmo/Desktop/Capstone Proj VR/Content/AddedContent/VirtualReality/Mannequin/Animations/MannequinHand_Right_Grab.uasset" 644
"C:/Users/mahmo/Desktop/Capstone Proj VR/Content/AddedContent/VirtualReality/Mannequin/Animations/MannequinHand_Right_Grab.uexp" 645
"C:/Users/mahmo/Desktop/Capstone Proj VR/Content/Fundamental/Blueprints/Animation/BS1D_HandGrip.uasset" 646
"C:/Users/mahmo/Desktop/Capstone Proj VR/Content/Fundamental/Blueprints/Animation/BS1D_HandGrip.uexp" 647
"C:/Users/mahmo/Desktop/Capstone Proj VR/Content/Fundamental/Blueprints/Animation/ABP_VRHand.uasset" 648
"C:/Users/mahmo/Desktop/Capstone Proj VR/Content/Fundamental/Blueprints/Animation/ABP_VRHand.uexp" 649
"C:/Users/mahmo/Desktop/Capstone Proj VR/Content/Fundamental/Blueprints/Interface/BPI_GrabbaleActor.uasset" 650
"C:/Users/mahmo/Desktop/Capstone Proj VR/Content/Fundamental/Blueprints/Interface/BPI_GrabbaleActor.uexp" 651
"../../../Engine/Content/EditorBlueprintResources/StandardMacros.uasset" 652
"../../../Engine/Content/EditorBlueprintResources/StandardMacros.uexp" 653
"C:/Users/mahmo/Desktop/Capstone Proj VR/Content/Fundamental/Blueprints/Pawn/BP_VRPawn.uasset" 654
"C:/Users/mahmo/Desktop/Capstone Proj VR/Content/Fundamental/Blueprints/Pawn/BP_VRPawn.uexp" 655
"C:/Users/mahmo/Desktop/Capstone Proj VR/Content/Fundamental/Blueprints/GameMode/GameMode_VR.uasset" 656
"C:/Users/mahmo/Desktop/Capstone Proj VR/Content/Fundamental/Blueprints/GameMode/GameMode_VR.uexp" 657
"../../../Engine/Content/Maps/Entry_BuiltData.uasset" 658
"../../../Engine/Content/Maps/Entry_BuiltData.uexp" 659
"../../../Engine/Content/Maps/Entry.uexp" 660
"../../../Engine/Content/Maps/Entry.umap" 661
"C:/Users/mahmo/Desktop/Capstone Proj VR/Content/VRedu/Blueprints/Sequence/HandHoldScifHub.uasset" 662
"C:/Users/mahmo/Desktop/Capstone Proj VR/Content/VRedu/Blueprints/Sequence/HandHoldScifHub.uexp" 663
"C:/Users/mahmo/Desktop/Capstone Proj VR/Content/AddedContent/LIBRARY/MESHES/ROBOTS/DRAGONFLY_wing_2_SM.uasset" 664
"C:/Users/mahmo/Desktop/Capstone Proj VR/Content/AddedContent/LIBRARY/MESHES/ROBOTS/DRAGONFLY_wing_2_SM.uexp" 665
"C:/Users/mahmo/Desktop/Capstone Proj VR/Content/AddedContent/LIBRARY/MESHES/TABLET_PC_SM.uasset" 666
"C:/Users/mahmo/Desktop/Capstone Proj VR/Content/AddedContent/LIBRARY/MESHES/TABLET_PC_SM.uexp" 667
"C:/Users/mahmo/Desktop/Capstone Proj VR/Content/AddedContent/LIBRARY/MATERIALS/THRUSTER_M_Inst.uasset" 668
"C:/Users/mahmo/Desktop/Capstone Proj VR/Content/AddedContent/LIBRARY/MATERIALS/THRUSTER_M_Inst.uexp" 669
"C:/Users/mahmo/Desktop/Capstone Proj VR/Content/AddedContent/LIBRARY/MESHES/TV_SM.uasset" 670
"C:/Users/mahmo/Desktop/Capstone Proj VR/Content/AddedContent/LIBRARY/MESHES/TV_SM.uexp" 671
"C:/Users/mahmo/Desktop/Capstone Proj VR/Content/AddedContent/LIBRARY/MESHES/ROBOTS/CENTIPEDE_SM.uasset" 672
"C:/Users/mahmo/Desktop/Capstone Proj VR/Content/AddedContent/LIBRARY/MESHES/ROBOTS/CENTIPEDE_SM.uexp" 673
"C:/Users/mahmo/Desktop/Capstone Proj VR/Content/AddedContent/LIBRARY/MESHES/Desklamp_SM.uasset" 674
"C:/Users/mahmo/Desktop/Capstone Proj VR/Content/AddedContent/LIBRARY/MESHES/Desklamp_SM.uexp" 675
"C:/Users/mahmo/Desktop/Capstone Proj VR/Content/AddedContent/LIBRARY/MESHES/ROBOTS/DRAGON_BODY_SM.uasset" 676
"C:/Users/mahmo/Desktop/Capstone Proj VR/Content/AddedContent/LIBRARY/MESHES/ROBOTS/DRAGON_BODY_SM.uexp" 677
"C:/Users/mahmo/Desktop/Capstone Proj VR/Content/AddedContent/LIBRARY/MESHES/BAR_CHAIR_SM.uasset" 678
"C:/Users/mahmo/Desktop/Capstone Proj VR/Content/AddedContent/LIBRARY/MESHES/BAR_CHAIR_SM.uexp" 679
"C:/Users/mahmo/Desktop/Capstone Proj VR/Content/AddedContent/LIBRARY/MESHES/ROBOTS/DRAGON_RIGHT_WING_SM.uasset" 680
"C:/Users/mahmo/Desktop/Capstone Proj VR/Content/AddedContent/LIBRARY/MESHES/ROBOTS/DRAGON_RIGHT_WING_SM.uexp" 681
"C:/Users/mahmo/Desktop/Capstone Proj VR/Content/AddedContent/LIBRARY/MESHES/ROBOTS/DRAGON_LEFT_WING_SM.uasset" 682
"C:/Users/mahmo/Desktop/Capstone Proj VR/Content/AddedContent/LIBRARY/MESHES/ROBOTS/DRAGON_LEFT_WING_SM.uexp" 683
"C:/Users/mahmo/Desktop/Capstone Proj VR/Content/AddedContent/LIBRARY/MESHES/BOOKS/BOOK_SINGLE_SM.uasset" 684
"C:/Users/mahmo/Desktop/Capstone Proj VR/Content/AddedContent/LIBRARY/MESHES/BOOKS/BOOK_SINGLE_SM.uexp" 685
"C:/Users/mahmo/Desktop/Capstone Proj VR/Content/AddedContent/LIBRARY/MATERIALS/PICTURE_2_M.uasset" 686
"C:/Users/mahmo/Desktop/Capstone Proj VR/Content/AddedContent/LIBRARY/MATERIALS/PICTURE_2_M.uexp" 687
"C:/Users/mahmo/Desktop/Capstone Proj VR/Content/AddedContent/LIBRARY/MESHES/STAINED_GLASS_1_SM.uasset" 688
"C:/Users/mahmo/Desktop/Capstone Proj VR/Content/AddedContent/LIBRARY/MESHES/STAINED_GLASS_1_SM.uexp" 689
"C:/Users/mahmo/Desktop/Capstone Proj VR/Content/AddedContent/LIBRARY/MESHES/roof_2_SM.uasset" 690
"C:/Users/mahmo/Desktop/Capstone Proj VR/Content/AddedContent/LIBRARY/MESHES/roof_2_SM.uexp" 691
"C:/Users/mahmo/Desktop/Capstone Proj VR/Content/AddedContent/LIBRARY/MESHES/BOOKS/BOOK_1_SM.uasset" 692
"C:/Users/mahmo/Desktop/Capstone Proj VR/Content/AddedContent/LIBRARY/MESHES/BOOKS/BOOK_1_SM.uexp" 693
"../../../Engine/Content/EngineSky/C_Sky_Horizon_Color.uasset" 694
"../../../Engine/Content/EngineSky/C_Sky_Horizon_Color.uexp" 695
"../../../Engine/Content/EngineSky/T_Sky_Stars.ubulk" 696
"../../../Engine/Content/EngineSky/T_Sky_Stars.uasset" 697
"../../../Engine/Content/EngineSky/T_Sky_Stars.uexp" 698
"../../../Engine/Content/EngineSky/T_Sky_Clouds_M.ubulk" 699
"../../../Engine/Content/EngineSky/T_Sky_Clouds_M.uasset" 700
"../../../Engine/Content/EngineSky/T_Sky_Clouds_M.uexp" 701
"../../../Engine/Content/EngineSky/T_Sky_Blue.ubulk" 702
"../../../Engine/Content/EngineSky/T_Sky_Blue.uasset" 703
"../../../Engine/Content/EngineSky/T_Sky_Blue.uexp" 704
"../../../Engine/Content/EngineSky/M_Sky_Panning_Clouds2.uasset" 705
"../../../Engine/Content/EngineSky/M_Sky_Panning_Clouds2.uexp" 706
"../../../Engine/Content/EngineSky/SM_SkySphere.uasset" 707
"../../../Engine/Content/EngineSky/SM_SkySphere.uexp" 708
"../../../Engine/Content/EngineSky/C_Sky_Cloud_Color.uasset" 709
"../../../Engine/Content/EngineSky/C_Sky_Cloud_Color.uexp" 710
"../../../Engine/Content/EngineSky/C_Sky_Zenith_Color.uasset" 711
"../../../Engine/Content/EngineSky/C_Sky_Zenith_Color.uexp" 712
"../../../Engine/Content/EngineSky/BP_Sky_Sphere.uasset" 713
"../../../Engine/Content/EngineSky/BP_Sky_Sphere.uexp" 714
"C:/Users/mahmo/Desktop/Capstone Proj VR/Content/AddedContent/LIBRARY/MESHES/BIG_GLASS_Lighter_SM1.uasset" 715
"C:/Users/mahmo/Desktop/Capstone Proj VR/Content/AddedContent/LIBRARY/MESHES/BIG_GLASS_Lighter_SM1.uexp" 716
"C:/Users/mahmo/Desktop/Capstone Proj VR/Content/AddedContent/LIBRARY/MESHES/2m_door_leaf_SM.uasset" 717
"C:/Users/mahmo/Desktop/Capstone Proj VR/Content/AddedContent/LIBRARY/MESHES/2m_door_leaf_SM.uexp" 718
"C:/Users/mahmo/Desktop/Capstone Proj VR/Content/AddedContent/LIBRARY/MESHES/ROBOTS/SCORPION_SM.uasset" 719
"C:/Users/mahmo/Desktop/Capstone Proj VR/Content/AddedContent/LIBRARY/MESHES/ROBOTS/SCORPION_SM.uexp" 720
"../../../Engine/Content/BasicShapes/Cube.uasset" 721
"../../../Engine/Content/BasicShapes/Cube.uexp" 722
"C:/Users/mahmo/Desktop/Capstone Proj VR/Content/AddedContent/LIBRARY/MESHES/POT_SM.uasset" 723
"C:/Users/mahmo/Desktop/Capstone Proj VR/Content/AddedContent/LIBRARY/MESHES/POT_SM.uexp" 724
"C:/Users/mahmo/Desktop/Capstone Proj VR/Content/AddedContent/LIBRARY/MESHES/LASER_TOWER_SM.uasset" 725
"C:/Users/mahmo/Desktop/Capstone Proj VR/Content/AddedContent/LIBRARY/MESHES/LASER_TOWER_SM.uexp" 726
"C:/Users/mahmo/Desktop/Capstone Proj VR/Content/AddedContent/LIBRARY/MESHES/DOME/SCI_FI_DOME_SM.uasset" 727
"C:/Users/mahmo/Desktop/Capstone Proj VR/Content/AddedContent/LIBRARY/MESHES/DOME/SCI_FI_DOME_SM.uexp" 728
"C:/Users/mahmo/Desktop/Capstone Proj VR/Content/AddedContent/LIBRARY/MESHES/GROUND_BASE_SM.uasset" 729
"C:/Users/mahmo/Desktop/Capstone Proj VR/Content/AddedContent/LIBRARY/MESHES/GROUND_BASE_SM.uexp" 730
"C:/Users/mahmo/Desktop/Capstone Proj VR/Content/AddedContent/LIBRARY/MESHES/TV_SCREEN_SM.uasset" 731
"C:/Users/mahmo/Desktop/Capstone Proj VR/Content/AddedContent/LIBRARY/MESHES/TV_SCREEN_SM.uexp" 732
"C:/Users/mahmo/Desktop/Capstone Proj VR/Content/AddedContent/LIBRARY/MESHES/FRAME_1_SM.uasset" 733
"C:/Users/mahmo/Desktop/Capstone Proj VR/Content/AddedContent/LIBRARY/MESHES/FRAME_1_SM.uexp" 734
"C:/Users/mahmo/Desktop/Capstone Proj VR/Content/AddedContent/LIBRARY/MESHES/MEETING_WALL_SM.uasset" 735
"C:/Users/mahmo/Desktop/Capstone Proj VR/Content/AddedContent/LIBRARY/MESHES/MEETING_WALL_SM.uexp" 736
"C:/Users/mahmo/Desktop/Capstone Proj VR/Content/AddedContent/LIBRARY/MESHES/BAR_DESK_CURVED_SM.uasset" 737
"C:/Users/mahmo/Desktop/Capstone Proj VR/Content/AddedContent/LIBRARY/MESHES/BAR_DESK_CURVED_SM.uexp" 738
"C:/Users/mahmo/Desktop/Capstone Proj VR/Content/AddedContent/LIBRARY/MESHES/ASMA_TAVAN_SM.uasset" 739
"C:/Users/mahmo/Desktop/Capstone Proj VR/Content/AddedContent/LIBRARY/MESHES/ASMA_TAVAN_SM.uexp" 740
"C:/Users/mahmo/Desktop/Capstone Proj VR/Content/AddedContent/LIBRARY/MESHES/SECURITY_DESK_SM.uasset" 741
"C:/Users/mahmo/Desktop/Capstone Proj VR/Content/AddedContent/LIBRARY/MESHES/SECURITY_DESK_SM.uexp" 742
"C:/Users/mahmo/Desktop/Capstone Proj VR/Content/AddedContent/LIBRARY/MESHES/ROOF_3_SM.uasset" 743
"C:/Users/mahmo/Desktop/Capstone Proj VR/Content/AddedContent/LIBRARY/MESHES/ROOF_3_SM.uexp" 744
"C:/Users/mahmo/Desktop/Capstone Proj VR/Content/AddedContent/LIBRARY/MATERIALS/PICTURE_1_M.uasset" 745
"C:/Users/mahmo/Desktop/Capstone Proj VR/Content/AddedContent/LIBRARY/MATERIALS/PICTURE_1_M.uexp" 746
"C:/Users/mahmo/Desktop/Capstone Proj VR/Content/AddedContent/LIBRARY/MESHES/2m_door_frame_SM.uasset" 747
"C:/Users/mahmo/Desktop/Capstone Proj VR/Content/AddedContent/LIBRARY/MESHES/2m_door_frame_SM.uexp" 748
"C:/Users/mahmo/Desktop/Capstone Proj VR/Content/AddedContent/LIBRARY/MESHES/STAINED_GLASS_2_SM.uasset" 749
"C:/Users/mahmo/Desktop/Capstone Proj VR/Content/AddedContent/LIBRARY/MESHES/STAINED_GLASS_2_SM.uexp" 750
"C:/Users/mahmo/Desktop/Capstone Proj VR/Content/AddedContent/LIBRARY/MESHES/ROBOTS/DRAGONFLY_body_SM.uasset" 751
"C:/Users/mahmo/Desktop/Capstone Proj VR/Content/AddedContent/LIBRARY/MESHES/ROBOTS/DRAGONFLY_body_SM.uexp" 752
"../../../Engine/Content/BasicShapes/Cylinder.uasset" 753
"../../../Engine/Content/BasicShapes/Cylinder.uexp" 754
"C:/Users/mahmo/Desktop/Capstone Proj VR/Content/AddedContent/LIBRARY/MESHES/SCIFI_CHAIR_SM.uasset" 755
"C:/Users/mahmo/Desktop/Capstone Proj VR/Content/AddedContent/LIBRARY/MESHES/SCIFI_CHAIR_SM.uexp" 756
"C:/Users/mahmo/Desktop/Capstone Proj VR/Content/VRedu/Maps/Map_SciFiHub_BuiltData.ubulk" 757
"C:/Users/mahmo/Desktop/Capstone Proj VR/Content/VRedu/Maps/Map_SciFiHub_BuiltData.uasset" 758
"C:/Users/mahmo/Desktop/Capstone Proj VR/Content/VRedu/Maps/Map_SciFiHub_BuiltData.uexp" 759
"C:/Users/mahmo/Desktop/Capstone Proj VR/Content/AddedContent/LIBRARY/MESHES/Lamp_Pillar_SM.uasset" 760
"C:/Users/mahmo/Desktop/Capstone Proj VR/Content/AddedContent/LIBRARY/MESHES/Lamp_Pillar_SM.uexp" 761
"C:/Users/mahmo/Desktop/Capstone Proj VR/Content/AddedContent/TandP/Portals/Particles/P_Portal.uasset" 762
"C:/Users/mahmo/Desktop/Capstone Proj VR/Content/AddedContent/TandP/Portals/Particles/P_Portal.uexp" 763
"C:/Users/mahmo/Desktop/Capstone Proj VR/Content/AddedContent/TandP/Portals/Meshs/SM_Portal2.uasset" 764
"C:/Users/mahmo/Desktop/Capstone Proj VR/Content/AddedContent/TandP/Portals/Meshs/SM_Portal2.uexp" 765
"C:/Users/mahmo/Desktop/Capstone Proj VR/Content/AddedContent/TandP/Portals/SFX/S_Portal_Cue.uasset" 766
"C:/Users/mahmo/Desktop/Capstone Proj VR/Content/AddedContent/TandP/Portals/SFX/S_Portal_Cue.uexp" 767
"../../../Engine/Content/BasicShapes/Sphere.uasset" 768
"../../../Engine/Content/BasicShapes/Sphere.uexp" 769
"C:/Users/mahmo/Desktop/Capstone Proj VR/Content/Fundamental/Blueprints/GameInstance/BP_MainGameInstance.uasset" 770
"C:/Users/mahmo/Desktop/Capstone Proj VR/Content/Fundamental/Blueprints/GameInstance/BP_MainGameInstance.uexp" 771
"C:/Users/mahmo/Desktop/Capstone Proj VR/Content/VRedu/Enums/Enum_Level_List.uasset" 772
"C:/Users/mahmo/Desktop/Capstone Proj VR/Content/VRedu/Enums/Enum_Level_List.uexp" 773
"../../../Engine/Content/BasicShapes/BasicShapeMaterial.uasset" 774
"../../../Engine/Content/BasicShapes/BasicShapeMaterial.uexp" 775
"C:/Users/mahmo/Desktop/Capstone Proj VR/Content/AddedContent/TandP/Map/Enumeration/E_Maps.uasset" 776
"C:/Users/mahmo/Desktop/Capstone Proj VR/Content/AddedContent/TandP/Map/Enumeration/E_Maps.uexp" 777
"C:/Users/mahmo/Desktop/Capstone Proj VR/Content/AddedContent/TandP/Portals/Meshs/SM_Portal.uasset" 778
"C:/Users/mahmo/Desktop/Capstone Proj VR/Content/AddedContent/TandP/Portals/Meshs/SM_Portal.uexp" 779
"C:/Users/mahmo/Desktop/Capstone Proj VR/Content/VRedu/Blueprints/Doors_Portals/BP_Teleporter.uasset" 780
"C:/Users/mahmo/Desktop/Capstone Proj VR/Content/VRedu/Blueprints/Doors_Portals/BP_Teleporter.uexp" 781
"C:/Users/mahmo/Desktop/Capstone Proj VR/Content/AddedContent/LIBRARY/MESHES/BIG_WALL_SM.uasset" 782
"C:/Users/mahmo/Desktop/Capstone Proj VR/Content/AddedContent/LIBRARY/MESHES/BIG_WALL_SM.uexp" 783
"C:/Users/mahmo/Desktop/Capstone Proj VR/Content/AddedContent/LIBRARY/MESHES/TABLE_SM.uasset" 784
"C:/Users/mahmo/Desktop/Capstone Proj VR/Content/AddedContent/LIBRARY/MESHES/TABLE_SM.uexp" 785
"C:/Users/mahmo/Desktop/Capstone Proj VR/Content/AddedContent/LIBRARY/MESHES/ROBOTS/BIZARRO_SM.uasset" 786
"C:/Users/mahmo/Desktop/Capstone Proj VR/Content/AddedContent/LIBRARY/MESHES/ROBOTS/BIZARRO_SM.uexp" 787
"C:/Users/mahmo/Desktop/Capstone Proj VR/Content/AddedContent/LIBRARY/MATERIALS/White_2_M.uasset" 788
"C:/Users/mahmo/Desktop/Capstone Proj VR/Content/AddedContent/LIBRARY/MATERIALS/White_2_M.uexp" 789
"C:/Users/mahmo/Desktop/Capstone Proj VR/Content/AddedContent/LIBRARY/MESHES/CIRCLE_GROUND_SM.uasset" 790
"C:/Users/mahmo/Desktop/Capstone Proj VR/Content/AddedContent/LIBRARY/MESHES/CIRCLE_GROUND_SM.uexp" 791
"C:/Users/mahmo/Desktop/Capstone Proj VR/Content/VRedu/Maps/Map_SciFiHub.uexp" 792
"C:/Users/mahmo/Desktop/Capstone Proj VR/Content/VRedu/Maps/Map_SciFiHub.umap" 793
"C:/Users/mahmo/Desktop/Capstone Proj VR/Content/VRedu/images/Alchemy_World.uasset" 794
"C:/Users/mahmo/Desktop/Capstone Proj VR/Content/VRedu/images/Alchemy_World.uexp" 795
"C:/Users/mahmo/Desktop/Capstone Proj VR/Content/VRedu/images/Alchemy_World_Mat.uasset" 796
"C:/Users/mahmo/Desktop/Capstone Proj VR/Content/VRedu/images/Alchemy_World_Mat.uexp" 797
"C:/Users/mahmo/Desktop/Capstone Proj VR/Content/AddedContent/UniversityClassroom1/Assets/Lights/SM_CeilingLightSunk_01.uasset" 798
"C:/Users/mahmo/Desktop/Capstone Proj VR/Content/AddedContent/UniversityClassroom1/Assets/Lights/SM_CeilingLightSunk_01.uexp" 799
"C:/Users/mahmo/Desktop/Capstone Proj VR/Content/VRedu/images/BluePrints.uasset" 800
"C:/Users/mahmo/Desktop/Capstone Proj VR/Content/VRedu/images/BluePrints.uexp" 801
"C:/Users/mahmo/Desktop/Capstone Proj VR/Content/VRedu/images/BluePrints_Mat.uasset" 802
"C:/Users/mahmo/Desktop/Capstone Proj VR/Content/VRedu/images/BluePrints_Mat.uexp" 803
"C:/Users/mahmo/Desktop/Capstone Proj VR/Content/VRedu/images/VCU_1.uasset" 804
"C:/Users/mahmo/Desktop/Capstone Proj VR/Content/VRedu/images/VCU_1.uexp" 805
"C:/Users/mahmo/Desktop/Capstone Proj VR/Content/VRedu/images/VCU_1_Mat.uasset" 806
"C:/Users/mahmo/Desktop/Capstone Proj VR/Content/VRedu/images/VCU_1_Mat.uexp" 807
"C:/Users/mahmo/Desktop/Capstone Proj VR/Content/AddedContent/ScienceLab/Materials/Instanced/Tiling/MI_Paint_01.uasset" 808
"C:/Users/mahmo/Desktop/Capstone Proj VR/Content/AddedContent/ScienceLab/Materials/Instanced/Tiling/MI_Paint_01.uexp" 809
"C:/Users/mahmo/Desktop/Capstone Proj VR/Content/VRedu/images/Sci_fi_Library.uasset" 810
"C:/Users/mahmo/Desktop/Capstone Proj VR/Content/VRedu/images/Sci_fi_Library.uexp" 811
"C:/Users/mahmo/Desktop/Capstone Proj VR/Content/VRedu/images/Sci_fi_Library_Mat.uasset" 812
"C:/Users/mahmo/Desktop/Capstone Proj VR/Content/VRedu/images/Sci_fi_Library_Mat.uexp" 813
"C:/Users/mahmo/Desktop/Capstone Proj VR/Content/VRedu/images/VCUEastNight.uasset" 814
"C:/Users/mahmo/Desktop/Capstone Proj VR/Content/VRedu/images/VCUEastNight.uexp" 815
"C:/Users/mahmo/Desktop/Capstone Proj VR/Content/VRedu/images/VCUEastNight_Mat.uasset" 816
"C:/Users/mahmo/Desktop/Capstone Proj VR/Content/VRedu/images/VCUEastNight_Mat.uexp" 817
"C:/Users/mahmo/Desktop/Capstone Proj VR/Content/AddedContent/UniversityClassroom1/Assets/Furniture/SM_SpeakerCeiling_01.uasset" 818
"C:/Users/mahmo/Desktop/Capstone Proj VR/Content/AddedContent/UniversityClassroom1/Assets/Furniture/SM_SpeakerCeiling_01.uexp" 819
"C:/Users/mahmo/Desktop/Capstone Proj VR/Content/AddedContent/UniversityClassroom1/Assets/Props/SM_CardboardBox_01_Closed.uasset" 820
"C:/Users/mahmo/Desktop/Capstone Proj VR/Content/AddedContent/UniversityClassroom1/Assets/Props/SM_CardboardBox_01_Closed.uexp" 821
"C:/Users/mahmo/Desktop/Capstone Proj VR/Content/AddedContent/Music/Wonderful_Life.ubulk" 822
"C:/Users/mahmo/Desktop/Capstone Proj VR/Content/AddedContent/Music/Wonderful_Life.uasset" 823
"C:/Users/mahmo/Desktop/Capstone Proj VR/Content/AddedContent/Music/Wonderful_Life.uexp" 824
"C:/Users/mahmo/Desktop/Capstone Proj VR/Content/AddedContent/UniversityClassroom1/Materials/Surface/MI_Wood_02.uasset" 825
"C:/Users/mahmo/Desktop/Capstone Proj VR/Content/AddedContent/UniversityClassroom1/Materials/Surface/MI_Wood_02.uexp" 826
"C:/Users/mahmo/Desktop/Capstone Proj VR/Content/VRedu/images/Space_Nexus.uasset" 827
"C:/Users/mahmo/Desktop/Capstone Proj VR/Content/VRedu/images/Space_Nexus.uexp" 828
"C:/Users/mahmo/Desktop/Capstone Proj VR/Content/VRedu/images/Space_Nexus_Mat.uasset" 829
"C:/Users/mahmo/Desktop/Capstone Proj VR/Content/VRedu/images/Space_Nexus_Mat.uexp" 830
"C:/Users/mahmo/Desktop/Capstone Proj VR/Content/AddedContent/UniversityClassroom1/Assets/Electronics/SM_Monitor_27.uasset" 831
"C:/Users/mahmo/Desktop/Capstone Proj VR/Content/AddedContent/UniversityClassroom1/Assets/Electronics/SM_Monitor_27.uexp" 832
"C:/Users/mahmo/Desktop/Capstone Proj VR/Content/AddedContent/UniversityClassroom1/Assets/Electronics/SM_Mouse.uasset" 833
"C:/Users/mahmo/Desktop/Capstone Proj VR/Content/AddedContent/UniversityClassroom1/Assets/Electronics/SM_Mouse.uexp" 834
"C:/Users/mahmo/Desktop/Capstone Proj VR/Content/VRedu/Maps/Map_Login_BuiltData.ubulk" 835
"C:/Users/mahmo/Desktop/Capstone Proj VR/Content/VRedu/Maps/Map_Login_BuiltData.uasset" 836
"C:/Users/mahmo/Desktop/Capstone Proj VR/Content/VRedu/Maps/Map_Login_BuiltData.uexp" 837
"C:/Users/mahmo/Desktop/Capstone Proj VR/Content/AddedContent/UniversityClassroom1/Assets/Furniture/SM_Chair_02.uasset" 838
"C:/Users/mahmo/Desktop/Capstone Proj VR/Content/AddedContent/UniversityClassroom1/Assets/Furniture/SM_Chair_02.uexp" 839
"C:/Users/mahmo/Desktop/Capstone Proj VR/Content/AddedContent/UniversityClassroom1/Assets/Electronics/SM_AirConditioner_Ceiling.uasset" 840
"C:/Users/mahmo/Desktop/Capstone Proj VR/Content/AddedContent/UniversityClassroom1/Assets/Electronics/SM_AirConditioner_Ceiling.uexp" 841
"C:/Users/mahmo/Desktop/Capstone Proj VR/Content/AddedContent/UniversityClassroom1/Assets/Electronics/SM_Keyboard.uasset" 842
"C:/Users/mahmo/Desktop/Capstone Proj VR/Content/AddedContent/UniversityClassroom1/Assets/Electronics/SM_Keyboard.uexp" 843
"C:/Users/mahmo/Desktop/Capstone Proj VR/Content/VRedu/images/SciFi_Hub.uasset" 844
"C:/Users/mahmo/Desktop/Capstone Proj VR/Content/VRedu/images/SciFi_Hub.uexp" 845
"C:/Users/mahmo/Desktop/Capstone Proj VR/Content/VRedu/images/SciFi_Hub_Mat.uasset" 846
"C:/Users/mahmo/Desktop/Capstone Proj VR/Content/VRedu/images/SciFi_Hub_Mat.uexp" 847
"../../../Engine/Content/MapTemplates/SM_Template_Map_Floor.uasset" 848
"../../../Engine/Content/MapTemplates/SM_Template_Map_Floor.uexp" 849
"C:/Users/mahmo/Desktop/Capstone Proj VR/Content/AddedContent/UniversityClassroom1/Assets/Props/SM_Stapler.uasset" 850
"C:/Users/mahmo/Desktop/Capstone Proj VR/Content/AddedContent/UniversityClassroom1/Assets/Props/SM_Stapler.uexp" 851
"C:/Users/mahmo/Desktop/Capstone Proj VR/Content/VRedu/images/Archviz.uasset" 852
"C:/Users/mahmo/Desktop/Capstone Proj VR/Content/VRedu/images/Archviz.uexp" 853
"C:/Users/mahmo/Desktop/Capstone Proj VR/Content/VRedu/images/Archviz_Mat.uasset" 854
"C:/Users/mahmo/Desktop/Capstone Proj VR/Content/VRedu/images/Archviz_Mat.uexp" 855
"C:/Users/mahmo/Desktop/Capstone Proj VR/Content/AddedContent/UniversityClassroom1/Assets/Furniture/SM_Folding.uasset" 856
"C:/Users/mahmo/Desktop/Capstone Proj VR/Content/AddedContent/UniversityClassroom1/Assets/Furniture/SM_Folding.uexp" 857
"C:/Users/mahmo/Desktop/Capstone Proj VR/Content/AddedContent/UniversityClassroom1/Assets/Props/SM_CardboardBox_01.uasset" 858
"C:/Users/mahmo/Desktop/Capstone Proj VR/Content/AddedContent/UniversityClassroom1/Assets/Props/SM_CardboardBox_01.uexp" 859
"C:/Users/mahmo/Desktop/Capstone Proj VR/Content/AddedContent/ScienceLab/Materials/Instanced/Tiling/MI_EpoxyResin_Matte_02.uasset" 860
"C:/Users/mahmo/Desktop/Capstone Proj VR/Content/AddedContent/ScienceLab/Materials/Instanced/Tiling/MI_EpoxyResin_Matte_02.uexp" 861
"C:/Users/mahmo/Desktop/Capstone Proj VR/Content/AddedContent/ScienceLab/Meshes/Props/SM_Door_Hinges_01.uasset" 862
"C:/Users/mahmo/Desktop/Capstone Proj VR/Content/AddedContent/ScienceLab/Meshes/Props/SM_Door_Hinges_01.uexp" 863
"C:/Users/mahmo/Desktop/Capstone Proj VR/Content/AddedContent/ScienceLab/Meshes/Props/SM_Door_Frame_01.uasset" 864
"C:/Users/mahmo/Desktop/Capstone Proj VR/Content/AddedContent/ScienceLab/Meshes/Props/SM_Door_Frame_01.uexp" 865
"C:/Users/mahmo/Desktop/Capstone Proj VR/Content/AddedContent/ScienceLab/Meshes/Props/SM_Door_02.uasset" 866
"C:/Users/mahmo/Desktop/Capstone Proj VR/Content/AddedContent/ScienceLab/Meshes/Props/SM_Door_02.uexp" 867
"C:/Users/mahmo/Desktop/Capstone Proj VR/Content/VRedu/Blueprints/Doors_Portals/BP_Door_Portal_V3.uasset" 868
"C:/Users/mahmo/Desktop/Capstone Proj VR/Content/VRedu/Blueprints/Doors_Portals/BP_Door_Portal_V3.uexp" 869
"C:/Users/mahmo/Desktop/Capstone Proj VR/Content/AddedContent/UniversityClassroom1/Assets/Furniture/SM_Folding_Closed.uasset" 870
"C:/Users/mahmo/Desktop/Capstone Proj VR/Content/AddedContent/UniversityClassroom1/Assets/Furniture/SM_Folding_Closed.uexp" 871
"C:/Users/mahmo/Desktop/Capstone Proj VR/Content/AddedContent/UniversityClassroom1/Assets/Furniture/SM_Table_01_90.uasset" 872
"C:/Users/mahmo/Desktop/Capstone Proj VR/Content/AddedContent/UniversityClassroom1/Assets/Furniture/SM_Table_01_90.uexp" 873
"C:/Users/mahmo/Desktop/Capstone Proj VR/Content/AddedContent/UniversityClassroom1/Assets/Furniture/SM_Table_01_180.uasset" 874
"C:/Users/mahmo/Desktop/Capstone Proj VR/Content/AddedContent/UniversityClassroom1/Assets/Furniture/SM_Table_01_180.uexp" 875
"../../../Engine/Content/BasicShapes/Plane.uasset" 876
"../../../Engine/Content/BasicShapes/Plane.uexp" 877
"C:/Users/mahmo/Desktop/Capstone Proj VR/Content/AddedContent/ScienceLab/Materials/Instanced/Tiling/MI_FineWood_02.uasset" 878
"C:/Users/mahmo/Desktop/Capstone Proj VR/Content/AddedContent/ScienceLab/Materials/Instanced/Tiling/MI_FineWood_02.uexp" 879
"C:/Users/mahmo/Desktop/Capstone Proj VR/Content/AddedContent/ScienceLab/Meshes/Props/SM_WindowFrame_02.uasset" 880
"C:/Users/mahmo/Desktop/Capstone Proj VR/Content/AddedContent/ScienceLab/Meshes/Props/SM_WindowFrame_02.uexp" 881
"C:/Users/mahmo/Desktop/Capstone Proj VR/Content/AddedContent/UniversityClassroom1/Assets/Electronics/SM_Computer.uasset" 882
"C:/Users/mahmo/Desktop/Capstone Proj VR/Content/AddedContent/UniversityClassroom1/Assets/Electronics/SM_Computer.uexp" 883
"C:/Users/mahmo/Desktop/Capstone Proj VR/Content/AddedContent/UniversityClassroom1/Assets/Props/SM_Trash_Labelless.uasset" 884
"C:/Users/mahmo/Desktop/Capstone Proj VR/Content/AddedContent/UniversityClassroom1/Assets/Props/SM_Trash_Labelless.uexp" 885
"C:/Users/mahmo/Desktop/Capstone Proj VR/Content/VRedu/Maps/Map_Login.uexp" 886
"C:/Users/mahmo/Desktop/Capstone Proj VR/Content/VRedu/Maps/Map_Login.umap" 887
